2025-10-03 09:58:11,430 - INFO - Información de ficha: {'Ficha': nan, 'Estado': nan, 'Fecha': nan}
2025-10-03 09:58:11,434 - INFO - Archivo Excel cargado correctamente: C:/Users/SENA/Downloads/Reporte de Aprendices Ficha 3343084.xls
2025-10-03 09:58:11,435 - INFO - Total de registros: 20
2025-10-03 09:58:11,437 - INFO - Índices de columnas encontrados: {'Tipo de Documento': 0, 'Número de Documento': 1, 'Nombre': 2, 'Apellidos': 3, 'Celular': 4, 'Correo Electrónico': 5, 'Estado': 6, 'Perfil Ocupacional': 8}
2025-10-03 09:58:11,437 - INFO - Archivo Excel cargado correctamente: C:/Users/SENA/Downloads/Reporte de Aprendices Ficha 3343084.xls
2025-10-03 09:58:11,437 - INFO - Total de registros: 20
2025-10-03 09:58:11,551 - INFO - Abriendo página de login...
2025-10-03 09:58:13,318 - INFO - Login exitoso
2025-10-03 09:58:13,321 - INFO - Procesando estudiante 1/20: CAMILA FERNANDA MERCHAN RAMIREZ
2025-10-03 09:58:13,415 - INFO - Verificando estudiante: CAMILA FERNANDA MERCHAN RAMIREZ - Documento: 1003624379 - Tipo Doc: CC
2025-10-03 09:58:24,776 - INFO - El estudiante CAMILA FERNANDA MERCHAN RAMIREZ ya existe en el sistema. Pasando al siguiente.
2025-10-03 09:58:24,778 - INFO - Procesando estudiante 2/20: DIOCELINA TORRES RIAÑO
2025-10-03 09:58:24,834 - INFO - Verificando estudiante: DIOCELINA TORRES RIAÑO - Documento: 1005205906 - Tipo Doc: CC
2025-10-03 09:58:36,106 - INFO - El estudiante DIOCELINA TORRES RIAÑO ya existe en el sistema. Pasando al siguiente.
2025-10-03 09:58:36,108 - INFO - Procesando estudiante 3/20: HENRY JUNIOR GUERRA IGLESIA
2025-10-03 09:58:36,161 - INFO - Verificando estudiante: HENRY JUNIOR GUERRA IGLESIA - Documento: 1007709782 - Tipo Doc: CC
2025-10-03 09:58:47,463 - INFO - El estudiante HENRY JUNIOR GUERRA IGLESIA ya existe en el sistema. Pasando al siguiente.
2025-10-03 09:58:47,465 - INFO - Procesando estudiante 4/20: JULIAN SANTIAGO LEON VASQUEZ
2025-10-03 09:58:47,516 - INFO - Verificando estudiante: JULIAN SANTIAGO LEON VASQUEZ - Documento: 1010034236 - Tipo Doc: CC
2025-10-03 09:58:58,808 - INFO - El estudiante JULIAN SANTIAGO LEON VASQUEZ ya existe en el sistema. Pasando al siguiente.
2025-10-03 09:58:58,810 - INFO - Procesando estudiante 5/20: WENDY LORENA ARISTIZABAL SANCHEZ
2025-10-03 09:58:58,861 - INFO - Verificando estudiante: WENDY LORENA ARISTIZABAL SANCHEZ - Documento: 1032356093 - Tipo Doc: CC
2025-10-03 09:59:10,150 - INFO - El estudiante WENDY LORENA ARISTIZABAL SANCHEZ no existe. Procediendo con el registro.
2025-10-03 09:59:10,152 - INFO - Intentando llenar los campos antes de la inscripción con: WENDY LORENA ARISTIZABAL SANCHEZ
2025-10-03 09:59:10,154 - INFO - URL actual: https://agenciapublicadeempleo.sena.edu.co/spe-web/spe/funcionario/oferta
2025-10-03 09:59:11,518 - INFO - Se llenó el campo Nombres con: WENDY LORENA
2025-10-03 09:59:12,745 - INFO - Se llenó el campo Primer apellido con: ARISTIZABAL
2025-10-03 09:59:13,733 - INFO - Se llenó el campo Segundo apellido con: SANCHEZ
2025-10-03 09:59:14,313 - INFO - Se llenó el campo Fecha de Nacimiento con: 01-01-2000
2025-10-03 09:59:14,362 - WARNING - No se pudo determinar el género para: WENDY LORENA, se seleccionó Masculino por defecto
2025-10-03 09:59:14,887 - INFO - Se hizo clic en el botón para verificar
2025-10-03 09:59:17,502 - INFO - Se hizo clic en el botón para continuar/inscribir
2025-10-03 09:59:20,687 - INFO - El estudiante WENDY LORENA ARISTIZABAL SANCHEZ ya está registrado (mesesBusqueda > 1). Pasando al siguiente.
2025-10-03 09:59:20,689 - INFO - Procesando estudiante 6/20: CHELSYN ALONSO HERNANDEZ
2025-10-03 09:59:20,750 - INFO - Verificando estudiante: CHELSYN ALONSO HERNANDEZ - Documento: 1032426902 - Tipo Doc: CC
2025-10-03 09:59:32,031 - INFO - El estudiante CHELSYN ALONSO HERNANDEZ no existe. Procediendo con el registro.
2025-10-03 09:59:32,034 - INFO - Intentando llenar los campos antes de la inscripción con: CHELSYN ALONSO HERNANDEZ
2025-10-03 09:59:32,036 - INFO - URL actual: https://agenciapublicadeempleo.sena.edu.co/spe-web/spe/funcionario/oferta
2025-10-03 09:59:33,090 - INFO - Se llenó el campo Nombres con: CHELSYN
2025-10-03 09:59:34,021 - INFO - Se llenó el campo Primer apellido con: ALONSO
2025-10-03 09:59:35,129 - INFO - Se llenó el campo Segundo apellido con: HERNANDEZ
2025-10-03 09:59:35,702 - INFO - Se llenó el campo Fecha de Nacimiento con: 01-01-2000
2025-10-03 09:59:35,738 - WARNING - No se pudo determinar el género para: CHELSYN, se seleccionó Masculino por defecto
2025-10-03 09:59:36,265 - INFO - Se hizo clic en el botón para verificar
2025-10-03 09:59:38,942 - INFO - Se hizo clic en el botón para continuar/inscribir
2025-10-03 09:59:42,082 - INFO - El estudiante CHELSYN ALONSO HERNANDEZ ya está registrado (mesesBusqueda > 1). Pasando al siguiente.
2025-10-03 09:59:42,083 - INFO - Procesando estudiante 7/20: LICETH TATIANA MANZANO RUIZ
2025-10-03 09:59:42,141 - INFO - Verificando estudiante: LICETH TATIANA MANZANO RUIZ - Documento: 1033680541 - Tipo Doc: CC
2025-10-03 09:59:53,411 - INFO - El estudiante LICETH TATIANA MANZANO RUIZ ya existe en el sistema. Pasando al siguiente.
2025-10-03 09:59:53,413 - INFO - Procesando estudiante 8/20: SENDY NORATO TORRES
2025-10-03 09:59:53,467 - INFO - Verificando estudiante: SENDY NORATO TORRES - Documento: 1064986413 - Tipo Doc: CC
2025-10-03 10:00:04,740 - INFO - El estudiante SENDY NORATO TORRES ya existe en el sistema. Pasando al siguiente.
2025-10-03 10:00:04,742 - INFO - Procesando estudiante 9/20: YESENIA PAOLA NORATO TORRES
2025-10-03 10:00:04,810 - INFO - Verificando estudiante: YESENIA PAOLA NORATO TORRES - Documento: 1067902068 - Tipo Doc: CC
2025-10-03 10:00:16,090 - INFO - El estudiante YESENIA PAOLA NORATO TORRES ya existe en el sistema. Pasando al siguiente.
2025-10-03 10:00:16,092 - INFO - Procesando estudiante 10/20: LAURA BALENTINA RINCON VASQUEZ
2025-10-03 10:00:16,147 - INFO - Verificando estudiante: LAURA BALENTINA RINCON VASQUEZ - Documento: 1076737410 - Tipo Doc: CC
2025-10-03 10:00:27,430 - INFO - El estudiante LAURA BALENTINA RINCON VASQUEZ no existe. Procediendo con el registro.
2025-10-03 10:00:27,432 - INFO - Intentando llenar los campos antes de la inscripción con: LAURA BALENTINA RINCON VASQUEZ
2025-10-03 10:00:27,435 - INFO - URL actual: https://agenciapublicadeempleo.sena.edu.co/spe-web/spe/funcionario/oferta
2025-10-03 10:00:28,987 - INFO - Se llenó el campo Nombres con: LAURA BALENTINA
2025-10-03 10:00:29,912 - INFO - Se llenó el campo Primer apellido con: RINCON
2025-10-03 10:00:30,895 - INFO - Se llenó el campo Segundo apellido con: VASQUEZ
2025-10-03 10:00:31,466 - INFO - Se llenó el campo Fecha de Nacimiento con: 01-01-2000
2025-10-03 10:00:33,510 - INFO - Se seleccionó el género: 1 (Femenino)
2025-10-03 10:00:34,035 - INFO - Se hizo clic en el botón para verificar
2025-10-03 10:00:36,715 - INFO - Se hizo clic en el botón para continuar/inscribir
2025-10-03 10:00:39,830 - INFO - El estudiante LAURA BALENTINA RINCON VASQUEZ ya está registrado (mesesBusqueda > 1). Pasando al siguiente.
2025-10-03 10:00:39,831 - INFO - Procesando estudiante 11/20: JAIDER STEBAN HERNANDEZ MEDINA
2025-10-03 10:00:39,893 - INFO - Verificando estudiante: JAIDER STEBAN HERNANDEZ MEDINA - Documento: 1095303769 - Tipo Doc: CC
2025-10-03 10:00:51,190 - INFO - El estudiante JAIDER STEBAN HERNANDEZ MEDINA ya existe en el sistema. Pasando al siguiente.
2025-10-03 10:00:51,192 - INFO - Procesando estudiante 12/20: ARSECIO BAQUERO VARON
2025-10-03 10:00:51,245 - INFO - Verificando estudiante: ARSECIO BAQUERO VARON - Documento: 368914 - Tipo Doc: CC
2025-10-03 10:01:02,073 - INFO - El estudiante ARSECIO BAQUERO VARON ya existe en el sistema. Pasando al siguiente.
2025-10-03 10:01:02,075 - INFO - Procesando estudiante 13/20: SISTINA DEL CARMEN MARTINEZ COGOLLO
2025-10-03 10:01:02,128 - INFO - Verificando estudiante: SISTINA DEL CARMEN MARTINEZ COGOLLO - Documento: 39679040 - Tipo Doc: CC
2025-10-03 10:01:13,176 - INFO - El estudiante SISTINA DEL CARMEN MARTINEZ COGOLLO ya existe en el sistema. Pasando al siguiente.
2025-10-03 10:01:13,178 - INFO - Procesando estudiante 14/20: DORIS LILIANA SASTOQUE CARDOZO
2025-10-03 10:01:13,244 - INFO - Verificando estudiante: DORIS LILIANA SASTOQUE CARDOZO - Documento: 52770528 - Tipo Doc: CC
2025-10-03 10:01:24,293 - INFO - El estudiante DORIS LILIANA SASTOQUE CARDOZO ya existe en el sistema. Pasando al siguiente.
2025-10-03 10:01:24,295 - INFO - Procesando estudiante 15/20: LAURA ACOSTA SANCHEZ
2025-10-03 10:01:24,349 - INFO - Verificando estudiante: LAURA ACOSTA SANCHEZ - Documento: 1016597086 - Tipo Doc: CC
2025-10-03 10:01:35,697 - INFO - Verificando estudiante: LAURA ACOSTA SANCHEZ - Documento: 1016597086 - Tipo Doc: TI
2025-10-03 10:01:46,991 - INFO - El estudiante LAURA ACOSTA SANCHEZ ya existe en el sistema. Pasando al siguiente.
2025-10-03 10:01:46,993 - INFO - Procesando estudiante 16/20: LAURA MARIA GONZALEZ NORATO
2025-10-03 10:01:47,045 - INFO - Verificando estudiante: LAURA MARIA GONZALEZ NORATO - Documento: 1067905885 - Tipo Doc: CC
2025-10-03 10:01:58,326 - INFO - El estudiante LAURA MARIA GONZALEZ NORATO ya existe en el sistema. Pasando al siguiente.
2025-10-03 10:01:58,328 - INFO - Procesando estudiante 17/20: LUISA MARIA GONZALEZ NORATO
2025-10-03 10:01:58,381 - INFO - Verificando estudiante: LUISA MARIA GONZALEZ NORATO - Documento: 1067921781 - Tipo Doc: CC
2025-10-03 10:02:09,658 - INFO - El estudiante LUISA MARIA GONZALEZ NORATO ya existe en el sistema. Pasando al siguiente.
2025-10-03 10:02:09,660 - INFO - Procesando estudiante 18/20: JULIAN STEBAN TRASLAVIÑA TORRES
2025-10-03 10:02:09,713 - INFO - Verificando estudiante: JULIAN STEBAN TRASLAVIÑA TORRES - Documento: 1140920469 - Tipo Doc: CC
2025-10-03 10:02:20,992 - INFO - El estudiante JULIAN STEBAN TRASLAVIÑA TORRES ya existe en el sistema. Pasando al siguiente.
2025-10-03 10:02:20,994 - INFO - Procesando estudiante 22/20: nan nan
2025-10-03 10:02:21,048 - INFO - Verificando estudiante: nan nan - Documento: 0 - Tipo Doc: CC
2025-10-03 10:02:31,432 - INFO - Verificando estudiante: nan nan - Documento: 0 - Tipo Doc: Aprendices procesados exitosamente:
2025-10-03 10:02:32,468 - ERROR - Error en intento 1: Message: Could not locate element with visible text: Aprendices procesados exitosamente:; For documentation on this error, please visit: https://www.selenium.dev/documentation/webdriver/troubleshooting/errors#no-such-element-exception

2025-10-03 10:02:34,521 - INFO - Verificando estudiante: nan nan - Documento: 0 - Tipo Doc: Aprendices procesados exitosamente:
2025-10-03 10:02:35,547 - ERROR - Error en intento 2: Message: Could not locate element with visible text: Aprendices procesados exitosamente:; For documentation on this error, please visit: https://www.selenium.dev/documentation/webdriver/troubleshooting/errors#no-such-element-exception

2025-10-03 10:02:37,602 - INFO - Verificando estudiante: nan nan - Documento: 0 - Tipo Doc: Aprendices procesados exitosamente:
2025-10-03 10:02:38,628 - ERROR - Error en intento 3: Message: Could not locate element with visible text: Aprendices procesados exitosamente:; For documentation on this error, please visit: https://www.selenium.dev/documentation/webdriver/troubleshooting/errors#no-such-element-exception

2025-10-03 10:02:38,628 - WARNING - Saltando estudiante debido a error en verificación: nan nan
2025-10-03 10:02:38,630 - INFO - Procesando estudiante 26/20: nan nan
2025-10-03 10:02:38,682 - INFO - Verificando estudiante: nan nan - Documento: 18 - Tipo Doc: CC
2025-10-03 10:02:49,074 - INFO - El estudiante nan nan ya existe en el sistema. Pasando al siguiente.
2025-10-03 10:02:49,075 - INFO - \u2705 Proceso completado exitosamente
2025-10-03 10:02:51,208 - INFO - Navegador cerrado
