2025-10-07 15:36:56,071 - INFO - Información de ficha: {'Ficha': nan, 'Estado': nan, 'Fecha': nan}
2025-10-07 15:36:56,074 - INFO - Archivo Excel cargado correctamente: C:/Users/SENA/Downloads/Reporte de Aprendices Ficha 3315598.xls
2025-10-07 15:36:56,074 - INFO - Total de registros: 30
2025-10-07 15:36:56,077 - INFO - Índices de columnas encontrados: {'Tipo de Documento': 0, 'Número de Documento': 1, 'Nombre': 2, 'Apellidos': 3, 'Celular': 4, 'Correo Electrónico': 5, 'Estado': 6, 'Perfil Ocupacional': 8}
2025-10-07 15:36:56,077 - INFO - Archivo Excel cargado correctamente: C:/Users/SENA/Downloads/Reporte de Aprendices Ficha 3315598.xls
2025-10-07 15:36:56,078 - INFO - Total de registros: 30
2025-10-07 15:36:56,084 - INFO - Archivo Excel 'C:/Users/SENA/Downloads/Reporte de Aprendices Ficha 3315598.xls' cargado y listo para procesar.
2025-10-07 15:36:56,285 - INFO - Abriendo página de login...
2025-10-07 15:36:57,931 - INFO - Login exitoso
2025-10-07 15:36:57,933 - INFO - Procesando estudiante 1/30: LUCEIDIS HERNANDEZ ROSADO
2025-10-07 15:36:58,033 - INFO - Verificando estudiante: LUCEIDIS HERNANDEZ ROSADO - Documento: 1003382444 - Tipo Doc: CC
2025-10-07 15:37:09,542 - INFO - El estudiante LUCEIDIS HERNANDEZ ROSADO ya existe en el sistema. Pasando al siguiente.
2025-10-07 15:37:09,544 - INFO - Procesando estudiante 2/30: KAROL XIMENA MORALES SUAREZ
2025-10-07 15:37:09,595 - INFO - Verificando estudiante: KAROL XIMENA MORALES SUAREZ - Documento: 1003691055 - Tipo Doc: CC
2025-10-07 15:37:21,127 - INFO - El estudiante KAROL XIMENA MORALES SUAREZ ya existe en el sistema. Pasando al siguiente.
2025-10-07 15:37:21,129 - INFO - Procesando estudiante 3/30: WENDI MARCELA ALARCON PINEDA
2025-10-07 15:37:21,179 - INFO - Verificando estudiante: WENDI MARCELA ALARCON PINEDA - Documento: 1007422282 - Tipo Doc: CC
2025-10-07 15:37:32,767 - INFO - El estudiante WENDI MARCELA ALARCON PINEDA no existe. Procediendo con el registro.
2025-10-07 15:37:32,769 - INFO - Intentando llenar los campos antes de la inscripción con: WENDI MARCELA ALARCON PINEDA
2025-10-07 15:37:32,771 - INFO - URL actual: https://agenciapublicadeempleo.sena.edu.co/spe-web/spe/funcionario/oferta
2025-10-07 15:37:34,231 - INFO - Se llenó el campo Nombres con: WENDI MARCELA
2025-10-07 15:37:35,208 - INFO - Se llenó el campo Primer apellido con: ALARCON
2025-10-07 15:37:36,169 - INFO - Se llenó el campo Segundo apellido con: PINEDA
2025-10-07 15:37:36,744 - INFO - Se llenó el campo Fecha de Nacimiento con: 01-01-2000
2025-10-07 15:37:36,781 - WARNING - No se pudo determinar el género para: WENDI MARCELA, se seleccionó Masculino por defecto
2025-10-07 15:37:37,305 - INFO - Se hizo clic en el botón para verificar
2025-10-07 15:37:39,931 - INFO - Se hizo clic en el botón para continuar/inscribir
2025-10-07 15:37:43,170 - INFO - Se seleccionó Colombia en el desplegable de País.
2025-10-07 15:37:44,207 - INFO - Se seleccionó Cundinamarca en el desplegable de Departamento.
2025-10-07 15:37:45,244 - INFO - Se seleccionó Mosquera en el desplegable de Municipio.
2025-10-07 15:37:49,617 - INFO - Se seleccionó Colombia en el desplegable de País.
2025-10-07 15:37:50,655 - INFO - Se seleccionó Cundinamarca en el desplegable de Departamento.
2025-10-07 15:37:51,694 - INFO - Se seleccionó Mosquera en el desplegable de Municipio.
2025-10-07 15:37:51,732 - INFO - Se coloco Mosquea en el input
2025-10-07 15:37:51,777 - INFO - Se seleccionó Soltero en el desplegable de Estado Civil.
2025-10-07 15:37:52,803 - INFO - Se ingreso 0 en el input de Personas a Cargo.
2025-10-07 15:37:53,856 - INFO - Se seleccionó Otro en el desplegable de Posicion Familiar.
2025-10-07 15:37:54,909 - INFO - Se seleccionó 'No tiene libreta militar' en el desplegable de libreta militar.
2025-10-07 15:37:55,935 - INFO - Se ingreso 'No' en el input de Migrante.
2025-10-07 15:37:56,977 - INFO - Se seleccionó 'Urbano' en el desplegable de zona de resindecia.
2025-10-07 15:37:58,010 - INFO - Se seleccionó '$ 1.000.000  -  $1.500.000' en el desplegable de Sueldo.
2025-10-07 15:37:59,056 - INFO - Se seleccionó estrato Dos en el campo de Estrato.
2025-10-07 15:38:01,025 - INFO - Se llenó el campo telefono con: 3218243807
2025-10-07 15:38:04,004 - INFO - Se llenó el campo Correo con: alarconmarcela029@gmail.com
2025-10-07 15:38:05,361 - INFO - Se llenó el campo Perfil Ocupacional con: RECURSOS HUMANOS .
2025-10-07 15:38:05,425 - INFO - Se hizo click en el boton de Guardar
2025-10-07 15:38:15,427 - INFO - Se detectó una alerta: Los datos han sido guardados correctamente
2025-10-07 15:38:43,242 - INFO - Procesando estudiante 4/30: LESLY YURANY LOPEZ TORRES
2025-10-07 15:38:43,311 - INFO - Verificando estudiante: LESLY YURANY LOPEZ TORRES - Documento: 1007445588 - Tipo Doc: CC
2025-10-07 15:38:54,631 - INFO - El estudiante LESLY YURANY LOPEZ TORRES ya existe en el sistema. Pasando al siguiente.
2025-10-07 15:38:54,633 - INFO - Procesando estudiante 5/30: LUISA FERNANDA CORTES DIAZ
2025-10-07 15:38:54,684 - INFO - Verificando estudiante: LUISA FERNANDA CORTES DIAZ - Documento: 1015997667 - Tipo Doc: CC
2025-10-07 15:39:11,048 - INFO - El estudiante LUISA FERNANDA CORTES DIAZ no existe. Procediendo con el registro.
2025-10-07 15:39:11,051 - INFO - Intentando llenar los campos antes de la inscripción con: LUISA FERNANDA CORTES DIAZ
2025-10-07 15:39:11,055 - INFO - URL actual: https://agenciapublicadeempleo.sena.edu.co/spe-web/spe/funcionario/oferta
2025-10-07 15:39:12,528 - INFO - Se llenó el campo Nombres con: LUISA FERNANDA
2025-10-07 15:39:13,464 - INFO - Se llenó el campo Primer apellido con: CORTES
2025-10-07 15:39:14,269 - INFO - Se llenó el campo Segundo apellido con: DIAZ
2025-10-07 15:39:14,841 - INFO - Se llenó el campo Fecha de Nacimiento con: 01-01-2000
2025-10-07 15:39:14,878 - WARNING - No se pudo determinar el género para: LUISA FERNANDA, se seleccionó Masculino por defecto
2025-10-07 15:39:15,409 - INFO - Se hizo clic en el botón para verificar
2025-10-07 15:39:18,025 - INFO - Se hizo clic en el botón para continuar/inscribir
2025-10-07 15:39:21,272 - INFO - Se seleccionó Colombia en el desplegable de País.
2025-10-07 15:39:22,308 - INFO - Se seleccionó Cundinamarca en el desplegable de Departamento.
2025-10-07 15:39:23,347 - INFO - Se seleccionó Mosquera en el desplegable de Municipio.
2025-10-07 15:39:27,615 - INFO - Se seleccionó Colombia en el desplegable de País.
2025-10-07 15:39:28,653 - INFO - Se seleccionó Cundinamarca en el desplegable de Departamento.
2025-10-07 15:39:29,690 - INFO - Se seleccionó Mosquera en el desplegable de Municipio.
2025-10-07 15:39:29,729 - INFO - Se coloco Mosquea en el input
2025-10-07 15:39:29,779 - INFO - Se seleccionó Soltero en el desplegable de Estado Civil.
2025-10-07 15:39:30,805 - INFO - Se ingreso 0 en el input de Personas a Cargo.
2025-10-07 15:39:31,850 - INFO - Se seleccionó Otro en el desplegable de Posicion Familiar.
2025-10-07 15:39:32,887 - INFO - Se seleccionó 'No tiene libreta militar' en el desplegable de libreta militar.
2025-10-07 15:39:33,911 - INFO - Se ingreso 'No' en el input de Migrante.
2025-10-07 15:39:34,948 - INFO - Se seleccionó 'Urbano' en el desplegable de zona de resindecia.
2025-10-07 15:39:35,980 - INFO - Se seleccionó '$ 1.000.000  -  $1.500.000' en el desplegable de Sueldo.
2025-10-07 15:39:37,028 - INFO - Se seleccionó estrato Dos en el campo de Estrato.
2025-10-07 15:39:38,944 - INFO - Se llenó el campo telefono con: 3184399678
2025-10-07 15:39:40,790 - INFO - Se llenó el campo Correo con: lc5942045@gmail.com
2025-10-07 15:39:42,015 - INFO - Se llenó el campo Perfil Ocupacional con: RECURSOS HUMANOS .
2025-10-07 15:39:42,057 - INFO - Se hizo click en el boton de Guardar
2025-10-07 15:39:52,058 - INFO - Se detectó una alerta: Los datos han sido guardados correctamente
2025-10-07 15:40:19,898 - INFO - Procesando estudiante 6/30: CAROL YICETH ROMERO MAYORGA
2025-10-07 15:40:19,976 - INFO - Verificando estudiante: CAROL YICETH ROMERO MAYORGA - Documento: 1019988765 - Tipo Doc: CC
2025-10-07 15:40:36,285 - INFO - El estudiante CAROL YICETH ROMERO MAYORGA no existe. Procediendo con el registro.
2025-10-07 15:40:36,288 - INFO - Intentando llenar los campos antes de la inscripción con: CAROL YICETH ROMERO MAYORGA
2025-10-07 15:40:36,294 - INFO - URL actual: https://agenciapublicadeempleo.sena.edu.co/spe-web/spe/funcionario/oferta
2025-10-07 15:40:37,657 - INFO - Se llenó el campo Nombres con: CAROL YICETH
2025-10-07 15:40:38,581 - INFO - Se llenó el campo Primer apellido con: ROMERO
2025-10-07 15:40:39,597 - INFO - Se llenó el campo Segundo apellido con: MAYORGA
2025-10-07 15:40:40,173 - INFO - Se llenó el campo Fecha de Nacimiento con: 01-01-2000
2025-10-07 15:40:40,208 - WARNING - No se pudo determinar el género para: CAROL YICETH, se seleccionó Masculino por defecto
2025-10-07 15:40:40,744 - INFO - Se hizo clic en el botón para verificar
2025-10-07 15:40:43,359 - INFO - Se hizo clic en el botón para continuar/inscribir
2025-10-07 15:40:46,496 - INFO - El estudiante CAROL YICETH ROMERO MAYORGA ya está registrado (mesesBusqueda > 1). Pasando al siguiente.
2025-10-07 15:40:46,498 - INFO - Procesando estudiante 7/30: MARIA FERNANDA TOVAR PAEZ
2025-10-07 15:40:46,572 - INFO - Verificando estudiante: MARIA FERNANDA TOVAR PAEZ - Documento: 1030634135 - Tipo Doc: CC
2025-10-07 15:40:57,881 - INFO - El estudiante MARIA FERNANDA TOVAR PAEZ ya existe en el sistema. Pasando al siguiente.
2025-10-07 15:40:57,883 - INFO - Procesando estudiante 8/30: LINA MAYERLY MARTINEZ MARTINEZ
2025-10-07 15:40:57,942 - INFO - Verificando estudiante: LINA MAYERLY MARTINEZ MARTINEZ - Documento: 1057590454 - Tipo Doc: CC
2025-10-07 15:41:09,222 - INFO - El estudiante LINA MAYERLY MARTINEZ MARTINEZ ya existe en el sistema. Pasando al siguiente.
2025-10-07 15:41:09,225 - INFO - Procesando estudiante 9/30: LINA MARCELA GANTIVA MIZAR
2025-10-07 15:41:09,274 - INFO - Verificando estudiante: LINA MARCELA GANTIVA MIZAR - Documento: 1069302759 - Tipo Doc: CC
2025-10-07 15:41:25,630 - INFO - El estudiante LINA MARCELA GANTIVA MIZAR no existe. Procediendo con el registro.
2025-10-07 15:41:25,636 - INFO - Intentando llenar los campos antes de la inscripción con: LINA MARCELA GANTIVA MIZAR
2025-10-07 15:41:25,639 - INFO - URL actual: https://agenciapublicadeempleo.sena.edu.co/spe-web/spe/funcionario/oferta
2025-10-07 15:41:26,997 - INFO - Se llenó el campo Nombres con: LINA MARCELA
2025-10-07 15:41:27,977 - INFO - Se llenó el campo Primer apellido con: GANTIVA
2025-10-07 15:41:28,823 - INFO - Se llenó el campo Segundo apellido con: MIZAR
2025-10-07 15:41:29,396 - INFO - Se llenó el campo Fecha de Nacimiento con: 01-01-2000
2025-10-07 15:41:29,428 - WARNING - No se pudo determinar el género para: LINA MARCELA, se seleccionó Masculino por defecto
2025-10-07 15:41:29,952 - INFO - Se hizo clic en el botón para verificar
2025-10-07 15:41:32,602 - INFO - Se hizo clic en el botón para continuar/inscribir
2025-10-07 15:41:35,739 - INFO - El estudiante LINA MARCELA GANTIVA MIZAR ya está registrado (mesesBusqueda > 1). Pasando al siguiente.
2025-10-07 15:41:35,741 - INFO - Procesando estudiante 10/30: ASHLY NAYIBE RODRIGUEZ DIAZ
2025-10-07 15:41:35,849 - INFO - Verificando estudiante: ASHLY NAYIBE RODRIGUEZ DIAZ - Documento: 1069583113 - Tipo Doc: CC
2025-10-07 15:41:52,203 - INFO - El estudiante ASHLY NAYIBE RODRIGUEZ DIAZ no existe. Procediendo con el registro.
2025-10-07 15:41:52,208 - INFO - Intentando llenar los campos antes de la inscripción con: ASHLY NAYIBE RODRIGUEZ DIAZ
2025-10-07 15:41:52,217 - INFO - URL actual: https://agenciapublicadeempleo.sena.edu.co/spe-web/spe/funcionario/oferta
2025-10-07 15:41:53,649 - INFO - Se llenó el campo Nombres con: ASHLY NAYIBE
2025-10-07 15:41:54,829 - INFO - Se llenó el campo Primer apellido con: RODRIGUEZ
2025-10-07 15:41:55,664 - INFO - Se llenó el campo Segundo apellido con: DIAZ
2025-10-07 15:41:56,283 - INFO - Se llenó el campo Fecha de Nacimiento con: 01-01-2000
2025-10-07 15:41:56,322 - WARNING - No se pudo determinar el género para: ASHLY NAYIBE, se seleccionó Masculino por defecto
2025-10-07 15:41:56,856 - INFO - Se hizo clic en el botón para verificar
2025-10-07 15:41:59,482 - INFO - Se hizo clic en el botón para continuar/inscribir
2025-10-07 15:42:02,709 - INFO - El estudiante ASHLY NAYIBE RODRIGUEZ DIAZ ya está registrado (mesesBusqueda > 1). Pasando al siguiente.
2025-10-07 15:42:02,711 - INFO - Procesando estudiante 11/30: JENNIFER ALEXANDRA RAMIREZ CARRILLO
2025-10-07 15:42:02,901 - INFO - Verificando estudiante: JENNIFER ALEXANDRA RAMIREZ CARRILLO - Documento: 1070386027 - Tipo Doc: CC
2025-10-07 15:42:19,329 - INFO - El estudiante JENNIFER ALEXANDRA RAMIREZ CARRILLO no existe. Procediendo con el registro.
2025-10-07 15:42:19,338 - INFO - Intentando llenar los campos antes de la inscripción con: JENNIFER ALEXANDRA RAMIREZ CARRILLO
2025-10-07 15:42:19,341 - INFO - URL actual: https://agenciapublicadeempleo.sena.edu.co/spe-web/spe/funcionario/oferta
2025-10-07 15:42:21,142 - INFO - Se llenó el campo Nombres con: JENNIFER ALEXANDRA
2025-10-07 15:42:22,135 - INFO - Se llenó el campo Primer apellido con: RAMIREZ
2025-10-07 15:42:23,218 - INFO - Se llenó el campo Segundo apellido con: CARRILLO
2025-10-07 15:42:23,822 - INFO - Se llenó el campo Fecha de Nacimiento con: 01-01-2000
2025-10-07 15:42:23,849 - WARNING - No se pudo determinar el género para: JENNIFER ALEXANDRA, se seleccionó Masculino por defecto
2025-10-07 15:42:24,376 - INFO - Se hizo clic en el botón para verificar
2025-10-07 15:42:27,154 - INFO - Se hizo clic en el botón para continuar/inscribir
2025-10-07 15:42:30,395 - INFO - Se seleccionó Colombia en el desplegable de País.
2025-10-07 15:42:31,437 - INFO - Se seleccionó Cundinamarca en el desplegable de Departamento.
2025-10-07 15:42:32,521 - INFO - Se seleccionó Mosquera en el desplegable de Municipio.
2025-10-07 15:42:36,913 - INFO - Se seleccionó Colombia en el desplegable de País.
2025-10-07 15:42:37,984 - INFO - Se seleccionó Cundinamarca en el desplegable de Departamento.
2025-10-07 15:42:39,073 - INFO - Se seleccionó Mosquera en el desplegable de Municipio.
2025-10-07 15:42:39,126 - INFO - Se coloco Mosquea en el input
2025-10-07 15:42:39,196 - INFO - Se seleccionó Soltero en el desplegable de Estado Civil.
2025-10-07 15:42:40,242 - INFO - Se ingreso 0 en el input de Personas a Cargo.
2025-10-07 15:42:41,313 - INFO - Se seleccionó Otro en el desplegable de Posicion Familiar.
2025-10-07 15:42:42,373 - INFO - Se seleccionó 'No tiene libreta militar' en el desplegable de libreta militar.
2025-10-07 15:42:43,422 - INFO - Se ingreso 'No' en el input de Migrante.
2025-10-07 15:42:44,473 - INFO - Se seleccionó 'Urbano' en el desplegable de zona de resindecia.
2025-10-07 15:42:45,515 - INFO - Se seleccionó '$ 1.000.000  -  $1.500.000' en el desplegable de Sueldo.
2025-10-07 15:42:46,588 - INFO - Se seleccionó estrato Dos en el campo de Estrato.
2025-10-07 15:42:48,561 - INFO - Se llenó el campo telefono con: 3101234567
2025-10-07 15:42:52,005 - INFO - Se llenó el campo Correo con: jenniferalexandraramirezcarril@gmail.com
2025-10-07 15:42:53,356 - INFO - Se llenó el campo Perfil Ocupacional con: RECURSOS HUMANOS .
2025-10-07 15:42:53,411 - INFO - Se hizo click en el boton de Guardar
2025-10-07 15:43:03,413 - INFO - Se detectó una alerta: Los datos han sido guardados correctamente
2025-10-07 15:43:31,490 - INFO - Procesando estudiante 12/30: JOHN ALEJANDRO LADINO ALFONSO
2025-10-07 15:43:31,610 - INFO - Verificando estudiante: JOHN ALEJANDRO LADINO ALFONSO - Documento: 1073172387 - Tipo Doc: CC
2025-10-07 15:43:43,064 - INFO - El estudiante JOHN ALEJANDRO LADINO ALFONSO ya existe en el sistema. Pasando al siguiente.
2025-10-07 15:43:43,068 - INFO - Procesando estudiante 13/30: LEIDY ROCIO MACIAS MUÑOZ
2025-10-07 15:43:43,181 - INFO - Verificando estudiante: LEIDY ROCIO MACIAS MUÑOZ - Documento: 1073238707 - Tipo Doc: CC
2025-10-07 15:43:54,538 - INFO - El estudiante LEIDY ROCIO MACIAS MUÑOZ ya existe en el sistema. Pasando al siguiente.
2025-10-07 15:43:54,540 - INFO - Procesando estudiante 14/30: ALEJANDRA MEJIA VELASQUEZ
2025-10-07 15:43:54,626 - INFO - Verificando estudiante: ALEJANDRA MEJIA VELASQUEZ - Documento: 1073239702 - Tipo Doc: CC
2025-10-07 15:44:05,961 - INFO - El estudiante ALEJANDRA MEJIA VELASQUEZ ya existe en el sistema. Pasando al siguiente.
2025-10-07 15:44:05,963 - INFO - Procesando estudiante 15/30: NAZLY CAMILA MALAVER GOMEZ
2025-10-07 15:44:06,063 - INFO - Verificando estudiante: NAZLY CAMILA MALAVER GOMEZ - Documento: 1073252648 - Tipo Doc: CC
2025-10-07 15:44:17,419 - INFO - El estudiante NAZLY CAMILA MALAVER GOMEZ ya existe en el sistema. Pasando al siguiente.
2025-10-07 15:44:17,421 - INFO - Procesando estudiante 16/30: CLAUDIA ISABEL JIMENEZ FAJARDO
2025-10-07 15:44:17,515 - INFO - Verificando estudiante: CLAUDIA ISABEL JIMENEZ FAJARDO - Documento: 1073509710 - Tipo Doc: CC
2025-10-07 15:44:28,864 - INFO - El estudiante CLAUDIA ISABEL JIMENEZ FAJARDO ya existe en el sistema. Pasando al siguiente.
2025-10-07 15:44:28,866 - INFO - Procesando estudiante 17/30: ANGIE PAOLA RODRIGUEZ ARDILA
2025-10-07 15:44:28,978 - INFO - Verificando estudiante: ANGIE PAOLA RODRIGUEZ ARDILA - Documento: 1073513890 - Tipo Doc: CC
2025-10-07 15:44:40,259 - INFO - El estudiante ANGIE PAOLA RODRIGUEZ ARDILA ya existe en el sistema. Pasando al siguiente.
2025-10-07 15:44:40,261 - INFO - Procesando estudiante 18/30: YENIFER SARMIENTO BARRANCO
2025-10-07 15:44:40,313 - INFO - Verificando estudiante: YENIFER SARMIENTO BARRANCO - Documento: 1081758972 - Tipo Doc: CC
2025-10-07 15:44:56,647 - INFO - El estudiante YENIFER SARMIENTO BARRANCO no existe. Procediendo con el registro.
2025-10-07 15:44:56,649 - INFO - Intentando llenar los campos antes de la inscripción con: YENIFER SARMIENTO BARRANCO
2025-10-07 15:44:56,656 - INFO - URL actual: https://agenciapublicadeempleo.sena.edu.co/spe-web/spe/funcionario/oferta
2025-10-07 15:44:57,708 - INFO - Se llenó el campo Nombres con: YENIFER
2025-10-07 15:44:58,816 - INFO - Se llenó el campo Primer apellido con: SARMIENTO
2025-10-07 15:44:59,878 - INFO - Se llenó el campo Segundo apellido con: BARRANCO
2025-10-07 15:45:00,469 - INFO - Se llenó el campo Fecha de Nacimiento con: 01-01-2000
2025-10-07 15:45:00,505 - WARNING - No se pudo determinar el género para: YENIFER, se seleccionó Masculino por defecto
2025-10-07 15:45:01,030 - INFO - Se hizo clic en el botón para verificar
2025-10-07 15:45:03,725 - INFO - Se hizo clic en el botón para continuar/inscribir
2025-10-07 15:45:06,924 - INFO - Se seleccionó Colombia en el desplegable de País.
2025-10-07 15:45:07,964 - INFO - Se seleccionó Cundinamarca en el desplegable de Departamento.
2025-10-07 15:45:09,000 - INFO - Se seleccionó Mosquera en el desplegable de Municipio.
2025-10-07 15:45:13,268 - INFO - Se seleccionó Colombia en el desplegable de País.
2025-10-07 15:45:14,312 - INFO - Se seleccionó Cundinamarca en el desplegable de Departamento.
2025-10-07 15:45:15,349 - INFO - Se seleccionó Mosquera en el desplegable de Municipio.
2025-10-07 15:45:15,390 - INFO - Se coloco Mosquea en el input
2025-10-07 15:45:15,439 - INFO - Se seleccionó Soltero en el desplegable de Estado Civil.
2025-10-07 15:45:16,464 - INFO - Se ingreso 0 en el input de Personas a Cargo.
2025-10-07 15:45:17,504 - INFO - Se seleccionó Otro en el desplegable de Posicion Familiar.
2025-10-07 15:45:18,540 - INFO - Se seleccionó 'No tiene libreta militar' en el desplegable de libreta militar.
2025-10-07 15:45:19,565 - INFO - Se ingreso 'No' en el input de Migrante.
2025-10-07 15:45:20,604 - INFO - Se seleccionó 'Urbano' en el desplegable de zona de resindecia.
2025-10-07 15:45:21,637 - INFO - Se seleccionó '$ 1.000.000  -  $1.500.000' en el desplegable de Sueldo.
2025-10-07 15:45:22,674 - INFO - Se seleccionó estrato Dos en el campo de Estrato.
2025-10-07 15:45:24,582 - INFO - Se llenó el campo telefono con: 3242651179
2025-10-07 15:45:26,786 - INFO - Se llenó el campo Correo con: yenifersarmi02@gmail.com
2025-10-07 15:45:27,990 - INFO - Se llenó el campo Perfil Ocupacional con: RECURSOS HUMANOS .
2025-10-07 15:45:28,033 - INFO - Se hizo click en el boton de Guardar
2025-10-07 15:45:38,036 - INFO - Se detectó una alerta: Los datos han sido guardados correctamente
2025-10-07 15:46:05,964 - INFO - Procesando estudiante 19/30: YARILEB ESTER ORTIZ ARIAS
2025-10-07 15:46:06,034 - INFO - Verificando estudiante: YARILEB ESTER ORTIZ ARIAS - Documento: 1123990406 - Tipo Doc: CC
2025-10-07 15:46:17,403 - INFO - El estudiante YARILEB ESTER ORTIZ ARIAS ya existe en el sistema. Pasando al siguiente.
2025-10-07 15:46:17,407 - INFO - Procesando estudiante 20/30: JULIANA VALENTINA NIVIA FORERO
2025-10-07 15:46:17,477 - INFO - Verificando estudiante: JULIANA VALENTINA NIVIA FORERO - Documento: 1012340136 - Tipo Doc: CC
2025-10-07 15:46:28,825 - INFO - El estudiante JULIANA VALENTINA NIVIA FORERO ya existe en el sistema. Pasando al siguiente.
2025-10-07 15:46:28,827 - INFO - Procesando estudiante 21/30: JUANA CATALINA HERNANDEZ ROBLES
2025-10-07 15:46:28,883 - INFO - Verificando estudiante: JUANA CATALINA HERNANDEZ ROBLES - Documento: 1016024614 - Tipo Doc: CC
2025-10-07 15:46:45,349 - INFO - Verificando estudiante: JUANA CATALINA HERNANDEZ ROBLES - Documento: 1016024614 - Tipo Doc: TI
2025-10-07 15:47:01,781 - INFO - El estudiante JUANA CATALINA HERNANDEZ ROBLES no existe. Procediendo con el registro.
2025-10-07 15:47:01,786 - INFO - Intentando llenar los campos antes de la inscripción con: JUANA CATALINA HERNANDEZ ROBLES
2025-10-07 15:47:01,789 - INFO - URL actual: https://agenciapublicadeempleo.sena.edu.co/spe-web/spe/funcionario/oferta
2025-10-07 15:47:03,374 - INFO - Se llenó el campo Nombres con: JUANA CATALINA
2025-10-07 15:47:04,557 - INFO - Se llenó el campo Primer apellido con: HERNANDEZ
2025-10-07 15:47:05,525 - INFO - Se llenó el campo Segundo apellido con: ROBLES
2025-10-07 15:47:06,169 - INFO - Se llenó el campo Fecha de Nacimiento con: 01-01-2000
2025-10-07 15:47:06,232 - WARNING - No se pudo determinar el género para: JUANA CATALINA, se seleccionó Masculino por defecto
2025-10-07 15:47:06,774 - INFO - Se hizo clic en el botón para verificar
2025-10-07 15:47:09,589 - INFO - Se hizo clic en el botón para continuar/inscribir
2025-10-07 15:47:12,894 - INFO - Se seleccionó Colombia en el desplegable de País.
2025-10-07 15:47:13,953 - INFO - Se seleccionó Cundinamarca en el desplegable de Departamento.
2025-10-07 15:47:15,017 - INFO - Se seleccionó Mosquera en el desplegable de Municipio.
2025-10-07 15:47:19,472 - INFO - Se seleccionó Colombia en el desplegable de País.
2025-10-07 15:47:20,509 - INFO - Se seleccionó Cundinamarca en el desplegable de Departamento.
2025-10-07 15:47:21,550 - INFO - Se seleccionó Mosquera en el desplegable de Municipio.
2025-10-07 15:47:21,607 - INFO - Se coloco Mosquea en el input
2025-10-07 15:47:21,681 - INFO - Se seleccionó Soltero en el desplegable de Estado Civil.
2025-10-07 15:47:22,731 - INFO - Se ingreso 0 en el input de Personas a Cargo.
2025-10-07 15:47:23,821 - INFO - Se seleccionó Otro en el desplegable de Posicion Familiar.
2025-10-07 15:47:24,864 - INFO - Se seleccionó 'No tiene libreta militar' en el desplegable de libreta militar.
2025-10-07 15:47:25,891 - INFO - Se ingreso 'No' en el input de Migrante.
2025-10-07 15:47:26,951 - INFO - Se seleccionó 'Urbano' en el desplegable de zona de resindecia.
2025-10-07 15:47:28,004 - INFO - Se seleccionó '$ 1.000.000  -  $1.500.000' en el desplegable de Sueldo.
2025-10-07 15:47:29,095 - INFO - Se seleccionó estrato Dos en el campo de Estrato.
2025-10-07 15:47:31,064 - INFO - Se llenó el campo telefono con: 3194721584
2025-10-07 15:47:33,561 - INFO - Se llenó el campo Correo con: juanacatalinah28@gmail.com
2025-10-07 15:47:34,899 - INFO - Se llenó el campo Perfil Ocupacional con: RECURSOS HUMANOS .
2025-10-07 15:47:34,971 - INFO - Se hizo click en el boton de Guardar
2025-10-07 15:47:44,972 - INFO - Se detectó una alerta: Los datos han sido guardados correctamente
2025-10-07 15:48:12,968 - INFO - Procesando estudiante 22/30: MARIANA CASTAÑEDA FONSECA
2025-10-07 15:48:13,082 - INFO - Verificando estudiante: MARIANA CASTAÑEDA FONSECA - Documento: 1028484850 - Tipo Doc: CC
2025-10-07 15:48:29,617 - INFO - Verificando estudiante: MARIANA CASTAÑEDA FONSECA - Documento: 1028484850 - Tipo Doc: TI
2025-10-07 15:48:41,026 - INFO - El estudiante MARIANA CASTAÑEDA FONSECA ya existe en el sistema. Pasando al siguiente.
2025-10-07 15:48:41,030 - INFO - Procesando estudiante 23/30: ANDRES FELIPE ESCOBAR TIQUE
2025-10-07 15:48:41,101 - INFO - Verificando estudiante: ANDRES FELIPE ESCOBAR TIQUE - Documento: 1033099739 - Tipo Doc: CC
2025-10-07 15:48:52,476 - INFO - El estudiante ANDRES FELIPE ESCOBAR TIQUE ya existe en el sistema. Pasando al siguiente.
2025-10-07 15:48:52,478 - INFO - Procesando estudiante 24/30: VALENTINA MENDOZA TRIANA
2025-10-07 15:48:52,549 - INFO - Verificando estudiante: VALENTINA MENDOZA TRIANA - Documento: 1069175170 - Tipo Doc: CC
2025-10-07 15:49:08,982 - INFO - Verificando estudiante: VALENTINA MENDOZA TRIANA - Documento: 1069175170 - Tipo Doc: TI
2025-10-07 15:49:25,342 - INFO - El estudiante VALENTINA MENDOZA TRIANA no existe. Procediendo con el registro.
2025-10-07 15:49:25,348 - INFO - Intentando llenar los campos antes de la inscripción con: VALENTINA MENDOZA TRIANA
2025-10-07 15:49:25,352 - INFO - URL actual: https://agenciapublicadeempleo.sena.edu.co/spe-web/spe/funcionario/oferta
2025-10-07 15:49:26,563 - INFO - Se llenó el campo Nombres con: VALENTINA
2025-10-07 15:49:27,551 - INFO - Se llenó el campo Primer apellido con: MENDOZA
2025-10-07 15:49:28,494 - INFO - Se llenó el campo Segundo apellido con: TRIANA
2025-10-07 15:49:29,074 - INFO - Se llenó el campo Fecha de Nacimiento con: 01-01-2000
2025-10-07 15:49:31,149 - INFO - Se seleccionó el género: 1 (Femenino)
2025-10-07 15:49:31,673 - INFO - Se hizo clic en el botón para verificar
2025-10-07 15:49:34,353 - INFO - Se hizo clic en el botón para continuar/inscribir
2025-10-07 15:49:37,524 - INFO - Se seleccionó Colombia en el desplegable de País.
2025-10-07 15:49:38,560 - INFO - Se seleccionó Cundinamarca en el desplegable de Departamento.
2025-10-07 15:49:39,597 - INFO - Se seleccionó Mosquera en el desplegable de Municipio.
2025-10-07 15:49:43,860 - INFO - Se seleccionó Colombia en el desplegable de País.
2025-10-07 15:49:44,895 - INFO - Se seleccionó Cundinamarca en el desplegable de Departamento.
2025-10-07 15:49:45,931 - INFO - Se seleccionó Mosquera en el desplegable de Municipio.
2025-10-07 15:49:45,973 - INFO - Se coloco Mosquea en el input
2025-10-07 15:49:46,015 - INFO - Se seleccionó Soltero en el desplegable de Estado Civil.
2025-10-07 15:49:47,046 - INFO - Se ingreso 0 en el input de Personas a Cargo.
2025-10-07 15:49:48,087 - INFO - Se seleccionó Otro en el desplegable de Posicion Familiar.
2025-10-07 15:49:49,124 - INFO - Se seleccionó 'No tiene libreta militar' en el desplegable de libreta militar.
2025-10-07 15:49:50,175 - INFO - Se ingreso 'No' en el input de Migrante.
2025-10-07 15:49:51,213 - INFO - Se seleccionó 'Urbano' en el desplegable de zona de resindecia.
2025-10-07 15:49:52,243 - INFO - Se seleccionó '$ 1.000.000  -  $1.500.000' en el desplegable de Sueldo.
2025-10-07 15:49:53,279 - INFO - Se seleccionó estrato Dos en el campo de Estrato.
2025-10-07 15:49:55,164 - INFO - Se llenó el campo telefono con: 3224469635
2025-10-07 15:49:56,870 - INFO - Se llenó el campo Correo con: vm98392@gmail.com
2025-10-07 15:49:58,081 - INFO - Se llenó el campo Perfil Ocupacional con: RECURSOS HUMANOS .
2025-10-07 15:49:58,119 - INFO - Se hizo click en el boton de Guardar
2025-10-07 15:50:08,121 - INFO - Se detectó una alerta: Los datos han sido guardados correctamente
2025-10-07 15:50:35,877 - INFO - Procesando estudiante 25/30: PAULA ANDREA VELASQUEZ TRIANA
2025-10-07 15:50:35,946 - INFO - Verificando estudiante: PAULA ANDREA VELASQUEZ TRIANA - Documento: 1073157642 - Tipo Doc: CC
2025-10-07 15:50:52,315 - INFO - Verificando estudiante: PAULA ANDREA VELASQUEZ TRIANA - Documento: 1073157642 - Tipo Doc: TI
2025-10-07 15:51:08,686 - INFO - El estudiante PAULA ANDREA VELASQUEZ TRIANA no existe. Procediendo con el registro.
2025-10-07 15:51:08,688 - INFO - Intentando llenar los campos antes de la inscripción con: PAULA ANDREA VELASQUEZ TRIANA
2025-10-07 15:51:08,690 - INFO - URL actual: https://agenciapublicadeempleo.sena.edu.co/spe-web/spe/funcionario/oferta
2025-10-07 15:51:10,041 - INFO - Se llenó el campo Nombres con: PAULA ANDREA
2025-10-07 15:51:11,144 - INFO - Se llenó el campo Primer apellido con: VELASQUEZ
2025-10-07 15:51:12,075 - INFO - Se llenó el campo Segundo apellido con: TRIANA
2025-10-07 15:51:12,645 - INFO - Se llenó el campo Fecha de Nacimiento con: 01-01-2000
2025-10-07 15:51:14,686 - INFO - Se seleccionó el género: 1 (Femenino)
2025-10-07 15:51:15,239 - INFO - Se hizo clic en el botón para verificar
2025-10-07 15:51:17,935 - INFO - Se hizo clic en el botón para continuar/inscribir
2025-10-07 15:51:21,106 - INFO - Se seleccionó Colombia en el desplegable de País.
2025-10-07 15:51:22,140 - INFO - Se seleccionó Cundinamarca en el desplegable de Departamento.
2025-10-07 15:51:23,177 - INFO - Se seleccionó Mosquera en el desplegable de Municipio.
2025-10-07 15:51:27,433 - INFO - Se seleccionó Colombia en el desplegable de País.
2025-10-07 15:51:28,470 - INFO - Se seleccionó Cundinamarca en el desplegable de Departamento.
2025-10-07 15:51:29,505 - INFO - Se seleccionó Mosquera en el desplegable de Municipio.
2025-10-07 15:51:29,546 - INFO - Se coloco Mosquea en el input
2025-10-07 15:51:29,590 - INFO - Se seleccionó Soltero en el desplegable de Estado Civil.
2025-10-07 15:51:30,639 - INFO - Se ingreso 0 en el input de Personas a Cargo.
2025-10-07 15:51:31,679 - INFO - Se seleccionó Otro en el desplegable de Posicion Familiar.
2025-10-07 15:51:32,718 - INFO - Se seleccionó 'No tiene libreta militar' en el desplegable de libreta militar.
2025-10-07 15:51:33,742 - INFO - Se ingreso 'No' en el input de Migrante.
2025-10-07 15:51:34,778 - INFO - Se seleccionó 'Urbano' en el desplegable de zona de resindecia.
2025-10-07 15:51:35,808 - INFO - Se seleccionó '$ 1.000.000  -  $1.500.000' en el desplegable de Sueldo.
2025-10-07 15:51:36,848 - INFO - Se seleccionó estrato Dos en el campo de Estrato.
2025-10-07 15:51:38,736 - INFO - Se llenó el campo telefono con: 3242434759
2025-10-07 15:51:40,960 - INFO - Se llenó el campo Correo con: paulatriana610@gmail.com
2025-10-07 15:51:42,162 - INFO - Se llenó el campo Perfil Ocupacional con: RECURSOS HUMANOS .
2025-10-07 15:51:42,200 - INFO - Se hizo click en el boton de Guardar
2025-10-07 15:51:52,202 - INFO - Se detectó una alerta: Los datos han sido guardados correctamente
2025-10-07 15:52:20,105 - INFO - Procesando estudiante 26/30: NICOL ALEJANDRA APARICIO CABALLERO
2025-10-07 15:52:20,225 - INFO - Verificando estudiante: NICOL ALEJANDRA APARICIO CABALLERO - Documento: 1073158890 - Tipo Doc: CC
2025-10-07 15:52:36,778 - INFO - Verificando estudiante: NICOL ALEJANDRA APARICIO CABALLERO - Documento: 1073158890 - Tipo Doc: TI
2025-10-07 15:52:53,215 - INFO - El estudiante NICOL ALEJANDRA APARICIO CABALLERO no existe. Procediendo con el registro.
2025-10-07 15:52:53,217 - INFO - Intentando llenar los campos antes de la inscripción con: NICOL ALEJANDRA APARICIO CABALLERO
2025-10-07 15:52:53,220 - INFO - URL actual: https://agenciapublicadeempleo.sena.edu.co/spe-web/spe/funcionario/oferta
2025-10-07 15:52:54,875 - INFO - Se llenó el campo Nombres con: NICOL ALEJANDRA
2025-10-07 15:52:55,927 - INFO - Se llenó el campo Primer apellido con: APARICIO
2025-10-07 15:52:57,074 - INFO - Se llenó el campo Segundo apellido con: CABALLERO
2025-10-07 15:52:57,686 - INFO - Se llenó el campo Fecha de Nacimiento con: 01-01-2000
2025-10-07 15:52:57,765 - WARNING - No se pudo determinar el género para: NICOL ALEJANDRA, se seleccionó Masculino por defecto
2025-10-07 15:52:58,306 - INFO - Se hizo clic en el botón para verificar
2025-10-07 15:53:01,092 - INFO - Se hizo clic en el botón para continuar/inscribir
2025-10-07 15:53:04,359 - INFO - Se seleccionó Colombia en el desplegable de País.
2025-10-07 15:53:05,423 - INFO - Se seleccionó Cundinamarca en el desplegable de Departamento.
2025-10-07 15:53:06,486 - INFO - Se seleccionó Mosquera en el desplegable de Municipio.
2025-10-07 15:53:10,937 - INFO - Se seleccionó Colombia en el desplegable de País.
2025-10-07 15:53:11,972 - INFO - Se seleccionó Cundinamarca en el desplegable de Departamento.
2025-10-07 15:53:13,033 - INFO - Se seleccionó Mosquera en el desplegable de Municipio.
2025-10-07 15:53:13,084 - INFO - Se coloco Mosquea en el input
2025-10-07 15:53:13,149 - INFO - Se seleccionó Soltero en el desplegable de Estado Civil.
2025-10-07 15:53:14,196 - INFO - Se ingreso 0 en el input de Personas a Cargo.
2025-10-07 15:53:15,274 - INFO - Se seleccionó Otro en el desplegable de Posicion Familiar.
2025-10-07 15:53:16,337 - INFO - Se seleccionó 'No tiene libreta militar' en el desplegable de libreta militar.
2025-10-07 15:53:17,430 - INFO - Se ingreso 'No' en el input de Migrante.
2025-10-07 15:53:18,500 - INFO - Se seleccionó 'Urbano' en el desplegable de zona de resindecia.
2025-10-07 15:53:19,558 - INFO - Se seleccionó '$ 1.000.000  -  $1.500.000' en el desplegable de Sueldo.
2025-10-07 15:53:20,628 - INFO - Se seleccionó estrato Dos en el campo de Estrato.
2025-10-07 15:53:22,555 - INFO - Se llenó el campo telefono con: 3101234567
2025-10-07 15:53:25,102 - INFO - Se llenó el campo Correo con: alejitaaparicio799@gmail.com
2025-10-07 15:53:26,387 - INFO - Se llenó el campo Perfil Ocupacional con: RECURSOS HUMANOS .
2025-10-07 15:53:26,466 - INFO - Se hizo click en el boton de Guardar
2025-10-07 15:53:36,468 - INFO - Se detectó una alerta: Los datos han sido guardados correctamente
2025-10-07 15:54:04,471 - INFO - Procesando estudiante 27/30: KAREN LIZETH QUESADA GOMEZ
2025-10-07 15:54:04,585 - INFO - Verificando estudiante: KAREN LIZETH QUESADA GOMEZ - Documento: 1073234447 - Tipo Doc: CC
2025-10-07 15:54:21,106 - INFO - Verificando estudiante: KAREN LIZETH QUESADA GOMEZ - Documento: 1073234447 - Tipo Doc: TI
2025-10-07 15:54:37,504 - INFO - El estudiante KAREN LIZETH QUESADA GOMEZ no existe. Procediendo con el registro.
2025-10-07 15:54:37,507 - INFO - Intentando llenar los campos antes de la inscripción con: KAREN LIZETH QUESADA GOMEZ
2025-10-07 15:54:37,509 - INFO - URL actual: https://agenciapublicadeempleo.sena.edu.co/spe-web/spe/funcionario/oferta
2025-10-07 15:54:38,966 - INFO - Se llenó el campo Nombres con: KAREN LIZETH
2025-10-07 15:54:39,950 - INFO - Se llenó el campo Primer apellido con: QUESADA
2025-10-07 15:54:40,839 - INFO - Se llenó el campo Segundo apellido con: GOMEZ
2025-10-07 15:54:41,453 - INFO - Se llenó el campo Fecha de Nacimiento con: 01-01-2000
2025-10-07 15:54:43,507 - INFO - Se seleccionó el género: 1 (Femenino)
2025-10-07 15:54:44,038 - INFO - Se hizo clic en el botón para verificar
2025-10-07 15:54:46,850 - INFO - Se hizo clic en el botón para continuar/inscribir
2025-10-07 15:54:50,179 - INFO - Se seleccionó Colombia en el desplegable de País.
2025-10-07 15:54:51,264 - INFO - Se seleccionó Cundinamarca en el desplegable de Departamento.
2025-10-07 15:54:52,333 - INFO - Se seleccionó Mosquera en el desplegable de Municipio.
2025-10-07 15:54:56,780 - INFO - Se seleccionó Colombia en el desplegable de País.
2025-10-07 15:54:57,840 - INFO - Se seleccionó Cundinamarca en el desplegable de Departamento.
2025-10-07 15:54:58,898 - INFO - Se seleccionó Mosquera en el desplegable de Municipio.
2025-10-07 15:54:58,954 - INFO - Se coloco Mosquea en el input
2025-10-07 15:54:59,029 - INFO - Se seleccionó Soltero en el desplegable de Estado Civil.
2025-10-07 15:55:00,064 - INFO - Se ingreso 0 en el input de Personas a Cargo.
2025-10-07 15:55:01,142 - INFO - Se seleccionó Otro en el desplegable de Posicion Familiar.
2025-10-07 15:55:02,205 - INFO - Se seleccionó 'No tiene libreta militar' en el desplegable de libreta militar.
2025-10-07 15:55:03,250 - INFO - Se ingreso 'No' en el input de Migrante.
2025-10-07 15:55:04,321 - INFO - Se seleccionó 'Urbano' en el desplegable de zona de resindecia.
2025-10-07 15:55:05,375 - INFO - Se seleccionó '$ 1.000.000  -  $1.500.000' en el desplegable de Sueldo.
2025-10-07 15:55:06,442 - INFO - Se seleccionó estrato Dos en el campo de Estrato.
2025-10-07 15:55:08,412 - INFO - Se llenó el campo telefono con: 3101234567
2025-10-07 15:55:10,999 - INFO - Se llenó el campo Correo con: mercedespinzon2022@gmail.com
2025-10-07 15:55:12,276 - INFO - Se llenó el campo Perfil Ocupacional con: RECURSOS HUMANOS .
2025-10-07 15:55:12,350 - INFO - Se hizo click en el boton de Guardar
2025-10-07 15:55:22,354 - INFO - Se detectó una alerta: Los datos han sido guardados correctamente
2025-10-07 15:55:50,135 - INFO - Procesando estudiante 28/30: JUAN SEBASTIAN DIAS BOTIA
2025-10-07 15:55:50,195 - INFO - Verificando estudiante: JUAN SEBASTIAN DIAS BOTIA - Documento: 1073236279 - Tipo Doc: CC
2025-10-07 15:56:06,641 - INFO - Verificando estudiante: JUAN SEBASTIAN DIAS BOTIA - Documento: 1073236279 - Tipo Doc: TI
2025-10-07 15:56:17,923 - INFO - El estudiante JUAN SEBASTIAN DIAS BOTIA ya existe en el sistema. Pasando al siguiente.
2025-10-07 15:56:17,925 - INFO - Procesando estudiante 29/30: ANGIE VALENTINA CASTAÑO HOYOS
2025-10-07 15:56:17,971 - INFO - Verificando estudiante: ANGIE VALENTINA CASTAÑO HOYOS - Documento: 1073236707 - Tipo Doc: CC
2025-10-07 15:56:34,347 - INFO - Verificando estudiante: ANGIE VALENTINA CASTAÑO HOYOS - Documento: 1073236707 - Tipo Doc: TI
2025-10-07 15:56:50,691 - INFO - El estudiante ANGIE VALENTINA CASTAÑO HOYOS no existe. Procediendo con el registro.
2025-10-07 15:56:50,693 - INFO - Intentando llenar los campos antes de la inscripción con: ANGIE VALENTINA CASTAÑO HOYOS
2025-10-07 15:56:50,695 - INFO - URL actual: https://agenciapublicadeempleo.sena.edu.co/spe-web/spe/funcionario/oferta
2025-10-07 15:56:52,224 - INFO - Se llenó el campo Nombres con: ANGIE VALENTINA
2025-10-07 15:56:53,204 - INFO - Se llenó el campo Primer apellido con: CASTAÑO
2025-10-07 15:56:54,077 - INFO - Se llenó el campo Segundo apellido con: HOYOS
2025-10-07 15:56:54,646 - INFO - Se llenó el campo Fecha de Nacimiento con: 01-01-2000
2025-10-07 15:56:54,679 - WARNING - No se pudo determinar el género para: ANGIE VALENTINA, se seleccionó Masculino por defecto
2025-10-07 15:56:55,207 - INFO - Se hizo clic en el botón para verificar
2025-10-07 15:56:57,896 - INFO - Se hizo clic en el botón para continuar/inscribir
2025-10-07 15:57:01,070 - INFO - Se seleccionó Colombia en el desplegable de País.
2025-10-07 15:57:02,105 - INFO - Se seleccionó Cundinamarca en el desplegable de Departamento.
2025-10-07 15:57:03,145 - INFO - Se seleccionó Mosquera en el desplegable de Municipio.
2025-10-07 15:57:07,416 - INFO - Se seleccionó Colombia en el desplegable de País.
2025-10-07 15:57:08,450 - INFO - Se seleccionó Cundinamarca en el desplegable de Departamento.
2025-10-07 15:57:09,485 - INFO - Se seleccionó Mosquera en el desplegable de Municipio.
2025-10-07 15:57:09,520 - INFO - Se coloco Mosquea en el input
2025-10-07 15:57:09,559 - INFO - Se seleccionó Soltero en el desplegable de Estado Civil.
2025-10-07 15:57:10,585 - INFO - Se ingreso 0 en el input de Personas a Cargo.
2025-10-07 15:57:11,625 - INFO - Se seleccionó Otro en el desplegable de Posicion Familiar.
2025-10-07 15:57:12,661 - INFO - Se seleccionó 'No tiene libreta militar' en el desplegable de libreta militar.
2025-10-07 15:57:13,687 - INFO - Se ingreso 'No' en el input de Migrante.
2025-10-07 15:57:14,724 - INFO - Se seleccionó 'Urbano' en el desplegable de zona de resindecia.
2025-10-07 15:57:15,755 - INFO - Se seleccionó '$ 1.000.000  -  $1.500.000' en el desplegable de Sueldo.
2025-10-07 15:57:16,794 - INFO - Se seleccionó estrato Dos en el campo de Estrato.
2025-10-07 15:57:18,708 - INFO - Se llenó el campo telefono con: 3228430077
2025-10-07 15:57:21,256 - INFO - Se llenó el campo Correo con: corazonvaliente0584@gmail.com
2025-10-07 15:57:22,461 - INFO - Se llenó el campo Perfil Ocupacional con: RECURSOS HUMANOS .
2025-10-07 15:57:22,500 - INFO - Se hizo click en el boton de Guardar
2025-10-07 15:57:32,502 - INFO - Se detectó una alerta: Los datos han sido guardados correctamente
2025-10-07 15:58:00,272 - INFO - Procesando estudiante 30/30: ADRIAN FELIPE SOSA VERGARA
2025-10-07 15:58:00,337 - INFO - Verificando estudiante: ADRIAN FELIPE SOSA VERGARA - Documento: 1073578073 - Tipo Doc: CC
2025-10-07 15:58:17,023 - INFO - Verificando estudiante: ADRIAN FELIPE SOSA VERGARA - Documento: 1073578073 - Tipo Doc: TI
2025-10-07 15:58:33,447 - INFO - El estudiante ADRIAN FELIPE SOSA VERGARA no existe. Procediendo con el registro.
2025-10-07 15:58:33,449 - INFO - Intentando llenar los campos antes de la inscripción con: ADRIAN FELIPE SOSA VERGARA
2025-10-07 15:58:33,451 - INFO - URL actual: https://agenciapublicadeempleo.sena.edu.co/spe-web/spe/funcionario/oferta
2025-10-07 15:58:34,889 - INFO - Se llenó el campo Nombres con: ADRIAN FELIPE
2025-10-07 15:58:35,682 - INFO - Se llenó el campo Primer apellido con: SOSA
2025-10-07 15:58:36,666 - INFO - Se llenó el campo Segundo apellido con: VERGARA
2025-10-07 15:58:37,235 - INFO - Se llenó el campo Fecha de Nacimiento con: 01-01-2000
2025-10-07 15:58:39,279 - INFO - Se seleccionó el género: 0 (Masculino)
2025-10-07 15:58:39,803 - INFO - Se hizo clic en el botón para verificar
2025-10-07 15:58:42,511 - INFO - Se hizo clic en el botón para continuar/inscribir
2025-10-07 15:58:45,687 - INFO - Se seleccionó Colombia en el desplegable de País.
2025-10-07 15:58:46,722 - INFO - Se seleccionó Cundinamarca en el desplegable de Departamento.
2025-10-07 15:58:47,775 - INFO - Se seleccionó Mosquera en el desplegable de Municipio.
2025-10-07 15:58:52,039 - INFO - Se seleccionó Colombia en el desplegable de País.
2025-10-07 15:58:53,075 - INFO - Se seleccionó Cundinamarca en el desplegable de Departamento.
2025-10-07 15:58:54,112 - INFO - Se seleccionó Mosquera en el desplegable de Municipio.
2025-10-07 15:58:54,148 - INFO - Se coloco Mosquea en el input
2025-10-07 15:58:54,187 - INFO - Se seleccionó Soltero en el desplegable de Estado Civil.
2025-10-07 15:58:55,213 - INFO - Se ingreso 0 en el input de Personas a Cargo.
2025-10-07 15:58:56,255 - INFO - Se seleccionó Otro en el desplegable de Posicion Familiar.
2025-10-07 15:58:57,292 - INFO - Se seleccionó 'No tiene libreta militar' en el desplegable de libreta militar.
2025-10-07 15:58:58,318 - INFO - Se ingreso 'No' en el input de Migrante.
2025-10-07 15:58:59,372 - INFO - Se seleccionó 'Urbano' en el desplegable de zona de resindecia.
2025-10-07 15:59:00,403 - INFO - Se seleccionó '$ 1.000.000  -  $1.500.000' en el desplegable de Sueldo.
2025-10-07 15:59:01,440 - INFO - Se seleccionó estrato Dos en el campo de Estrato.
2025-10-07 15:59:03,329 - INFO - Se llenó el campo telefono con: 3226761853
2025-10-07 15:59:05,496 - INFO - Se llenó el campo Correo con: pipe.sosa2010@gmail.com
2025-10-07 15:59:06,688 - INFO - Se llenó el campo Perfil Ocupacional con: RECURSOS HUMANOS .
2025-10-07 15:59:06,724 - INFO - Se hizo click en el boton de Guardar
2025-10-07 15:59:16,725 - INFO - Se detectó una alerta: Los datos han sido guardados correctamente
2025-10-07 15:59:44,537 - INFO - \u2705 Proceso completado exitosamente
2025-10-07 15:59:47,785 - INFO - Navegador cerrado
