2025-05-19 09:21:54,672 - INFO - Información de ficha: {'Ficha': nan, 'Estado': nan, 'Fecha': nan}
2025-05-19 09:21:54,674 - INFO - Archivo Excel cargado correctamente: C:/Users/SENA/Downloads/Reporte de Aprendices Ficha 3204166.xls
2025-05-19 09:21:54,675 - INFO - Total de registros: 14
2025-05-19 09:21:54,677 - INFO - Índices de columnas encontrados: {'Tipo de Documento': 0, 'Número de Documento': 1, 'Nombre': 2, 'Apellidos': 3, 'Celular': 4, 'Correo Electrónico': 5, 'Estado': 6, 'Perfil Ocupacional': 7}
2025-05-19 09:21:54,677 - INFO - Archivo Excel cargado correctamente: C:/Users/SENA/Downloads/Reporte de Aprendices Ficha 3204166.xls
2025-05-19 09:21:54,677 - INFO - Total de registros: 14
2025-05-19 09:21:55,753 - INFO - Abriendo página de login...
2025-05-19 09:21:57,473 - INFO - Login exitoso
2025-05-19 09:21:57,476 - INFO - Procesando estudiante 1/14: DIANA ANDREA MORALEZ GOMEZ
2025-05-19 09:21:57,560 - INFO - Verificando estudiante: DIANA ANDREA MORALEZ GOMEZ - Documento: 1019037163 - Tipo Doc: CC
2025-05-19 09:22:09,092 - ERROR - Error en intento 1: Message: invalid session id: session deleted as the browser has closed the connection
from disconnected: not connected to DevTools
  (Session info: chrome=136.0.7103.114)
Stacktrace:
	GetHandleVerifier [0x00007FF6B521CF65+75717]
	GetHandleVerifier [0x00007FF6B521CFC0+75808]
	(No symbol) [0x00007FF6B4FE8F9A]
	(No symbol) [0x00007FF6B4FD4E35]
	(No symbol) [0x00007FF6B4FF9DB4]
	(No symbol) [0x00007FF6B506EE75]
	(No symbol) [0x00007FF6B508ECC2]
	(No symbol) [0x00007FF6B5067153]
	(No symbol) [0x00007FF6B5030421]
	(No symbol) [0x00007FF6B50311B3]
	GetHandleVerifier [0x00007FF6B551D74D+3223469]
	GetHandleVerifier [0x00007FF6B5517CF2+3200338]
	GetHandleVerifier [0x00007FF6B5535B23+3322755]
	GetHandleVerifier [0x00007FF6B5236A3A+180890]
	GetHandleVerifier [0x00007FF6B523E13F+211359]
	GetHandleVerifier [0x00007FF6B52252B4+109332]
	GetHandleVerifier [0x00007FF6B5225462+109762]
	GetHandleVerifier [0x00007FF6B520BA79+4825]
	BaseThreadInitThunk [0x00007FF8F9CBE8D7+23]
	RtlUserThreadStart [0x00007FF8FBF3C5DC+44]

2025-05-19 09:22:11,097 - ERROR - Error en intento 2: Message: invalid session id
Stacktrace:
	GetHandleVerifier [0x00007FF6B521CF65+75717]
	GetHandleVerifier [0x00007FF6B521CFC0+75808]
	(No symbol) [0x00007FF6B4FE8DCC]
	(No symbol) [0x00007FF6B502F54F]
	(No symbol) [0x00007FF6B5067242]
	(No symbol) [0x00007FF6B5061C63]
	(No symbol) [0x00007FF6B5060D29]
	(No symbol) [0x00007FF6B4FB5A55]
	GetHandleVerifier [0x00007FF6B551D74D+3223469]
	GetHandleVerifier [0x00007FF6B5517CF2+3200338]
	GetHandleVerifier [0x00007FF6B5535B23+3322755]
	GetHandleVerifier [0x00007FF6B5236A3A+180890]
	GetHandleVerifier [0x00007FF6B523E13F+211359]
	(No symbol) [0x00007FF6B4FB4AC8]
	GetHandleVerifier [0x00007FF6B5606FF8+4180056]
	BaseThreadInitThunk [0x00007FF8F9CBE8D7+23]
	RtlUserThreadStart [0x00007FF8FBF3C5DC+44]

2025-05-19 09:22:13,101 - ERROR - Error en intento 3: Message: invalid session id
Stacktrace:
	GetHandleVerifier [0x00007FF6B521CF65+75717]
	GetHandleVerifier [0x00007FF6B521CFC0+75808]
	(No symbol) [0x00007FF6B4FE8DCC]
	(No symbol) [0x00007FF6B502F54F]
	(No symbol) [0x00007FF6B5067242]
	(No symbol) [0x00007FF6B5061C63]
	(No symbol) [0x00007FF6B5060D29]
	(No symbol) [0x00007FF6B4FB5A55]
	GetHandleVerifier [0x00007FF6B551D74D+3223469]
	GetHandleVerifier [0x00007FF6B5517CF2+3200338]
	GetHandleVerifier [0x00007FF6B5535B23+3322755]
	GetHandleVerifier [0x00007FF6B5236A3A+180890]
	GetHandleVerifier [0x00007FF6B523E13F+211359]
	(No symbol) [0x00007FF6B4FB4AC8]
	GetHandleVerifier [0x00007FF6B5606FF8+4180056]
	BaseThreadInitThunk [0x00007FF8F9CBE8D7+23]
	RtlUserThreadStart [0x00007FF8FBF3C5DC+44]

2025-05-19 09:22:13,101 - WARNING - Saltando estudiante debido a error en verificación: DIANA ANDREA MORALEZ GOMEZ
2025-05-19 09:22:13,103 - INFO - Procesando estudiante 2/14: ANYI YULIETH ROJAS BEJARANO
2025-05-19 09:22:13,103 - ERROR - Error en intento 1: Message: invalid session id
Stacktrace:
	GetHandleVerifier [0x00007FF6B521CF65+75717]
	GetHandleVerifier [0x00007FF6B521CFC0+75808]
	(No symbol) [0x00007FF6B4FE8DCC]
	(No symbol) [0x00007FF6B502F54F]
	(No symbol) [0x00007FF6B5067242]
	(No symbol) [0x00007FF6B5061C63]
	(No symbol) [0x00007FF6B5060D29]
	(No symbol) [0x00007FF6B4FB5A55]
	GetHandleVerifier [0x00007FF6B551D74D+3223469]
	GetHandleVerifier [0x00007FF6B5517CF2+3200338]
	GetHandleVerifier [0x00007FF6B5535B23+3322755]
	GetHandleVerifier [0x00007FF6B5236A3A+180890]
	GetHandleVerifier [0x00007FF6B523E13F+211359]
	(No symbol) [0x00007FF6B4FB4AC8]
	GetHandleVerifier [0x00007FF6B5606FF8+4180056]
	BaseThreadInitThunk [0x00007FF8F9CBE8D7+23]
	RtlUserThreadStart [0x00007FF8FBF3C5DC+44]

2025-05-19 09:22:15,105 - ERROR - Error en intento 2: Message: invalid session id
Stacktrace:
	GetHandleVerifier [0x00007FF6B521CF65+75717]
	GetHandleVerifier [0x00007FF6B521CFC0+75808]
	(No symbol) [0x00007FF6B4FE8DCC]
	(No symbol) [0x00007FF6B502F54F]
	(No symbol) [0x00007FF6B5067242]
	(No symbol) [0x00007FF6B5061C63]
	(No symbol) [0x00007FF6B5060D29]
	(No symbol) [0x00007FF6B4FB5A55]
	GetHandleVerifier [0x00007FF6B551D74D+3223469]
	GetHandleVerifier [0x00007FF6B5517CF2+3200338]
	GetHandleVerifier [0x00007FF6B5535B23+3322755]
	GetHandleVerifier [0x00007FF6B5236A3A+180890]
	GetHandleVerifier [0x00007FF6B523E13F+211359]
	(No symbol) [0x00007FF6B4FB4AC8]
	GetHandleVerifier [0x00007FF6B5606FF8+4180056]
	BaseThreadInitThunk [0x00007FF8F9CBE8D7+23]
	RtlUserThreadStart [0x00007FF8FBF3C5DC+44]

2025-05-19 09:22:17,107 - ERROR - Error en intento 3: Message: invalid session id
Stacktrace:
	GetHandleVerifier [0x00007FF6B521CF65+75717]
	GetHandleVerifier [0x00007FF6B521CFC0+75808]
	(No symbol) [0x00007FF6B4FE8DCC]
	(No symbol) [0x00007FF6B502F54F]
	(No symbol) [0x00007FF6B5067242]
	(No symbol) [0x00007FF6B5061C63]
	(No symbol) [0x00007FF6B5060D29]
	(No symbol) [0x00007FF6B4FB5A55]
	GetHandleVerifier [0x00007FF6B551D74D+3223469]
	GetHandleVerifier [0x00007FF6B5517CF2+3200338]
	GetHandleVerifier [0x00007FF6B5535B23+3322755]
	GetHandleVerifier [0x00007FF6B5236A3A+180890]
	GetHandleVerifier [0x00007FF6B523E13F+211359]
	(No symbol) [0x00007FF6B4FB4AC8]
	GetHandleVerifier [0x00007FF6B5606FF8+4180056]
	BaseThreadInitThunk [0x00007FF8F9CBE8D7+23]
	RtlUserThreadStart [0x00007FF8FBF3C5DC+44]

2025-05-19 09:22:17,107 - WARNING - Saltando estudiante debido a error en verificación: ANYI YULIETH ROJAS BEJARANO
2025-05-19 09:22:17,109 - INFO - Procesando estudiante 3/14: ADRIANA PATRICIA ROA ROZO
2025-05-19 09:22:17,110 - ERROR - Error en intento 1: Message: invalid session id
Stacktrace:
	GetHandleVerifier [0x00007FF6B521CF65+75717]
	GetHandleVerifier [0x00007FF6B521CFC0+75808]
	(No symbol) [0x00007FF6B4FE8DCC]
	(No symbol) [0x00007FF6B502F54F]
	(No symbol) [0x00007FF6B5067242]
	(No symbol) [0x00007FF6B5061C63]
	(No symbol) [0x00007FF6B5060D29]
	(No symbol) [0x00007FF6B4FB5A55]
	GetHandleVerifier [0x00007FF6B551D74D+3223469]
	GetHandleVerifier [0x00007FF6B5517CF2+3200338]
	GetHandleVerifier [0x00007FF6B5535B23+3322755]
	GetHandleVerifier [0x00007FF6B5236A3A+180890]
	GetHandleVerifier [0x00007FF6B523E13F+211359]
	(No symbol) [0x00007FF6B4FB4AC8]
	GetHandleVerifier [0x00007FF6B5606FF8+4180056]
	BaseThreadInitThunk [0x00007FF8F9CBE8D7+23]
	RtlUserThreadStart [0x00007FF8FBF3C5DC+44]

2025-05-19 09:22:19,112 - ERROR - Error en intento 2: Message: invalid session id
Stacktrace:
	GetHandleVerifier [0x00007FF6B521CF65+75717]
	GetHandleVerifier [0x00007FF6B521CFC0+75808]
	(No symbol) [0x00007FF6B4FE8DCC]
	(No symbol) [0x00007FF6B502F54F]
	(No symbol) [0x00007FF6B5067242]
	(No symbol) [0x00007FF6B5061C63]
	(No symbol) [0x00007FF6B5060D29]
	(No symbol) [0x00007FF6B4FB5A55]
	GetHandleVerifier [0x00007FF6B551D74D+3223469]
	GetHandleVerifier [0x00007FF6B5517CF2+3200338]
	GetHandleVerifier [0x00007FF6B5535B23+3322755]
	GetHandleVerifier [0x00007FF6B5236A3A+180890]
	GetHandleVerifier [0x00007FF6B523E13F+211359]
	(No symbol) [0x00007FF6B4FB4AC8]
	GetHandleVerifier [0x00007FF6B5606FF8+4180056]
	BaseThreadInitThunk [0x00007FF8F9CBE8D7+23]
	RtlUserThreadStart [0x00007FF8FBF3C5DC+44]

2025-05-19 09:22:21,117 - ERROR - Error en intento 3: Message: invalid session id
Stacktrace:
	GetHandleVerifier [0x00007FF6B521CF65+75717]
	GetHandleVerifier [0x00007FF6B521CFC0+75808]
	(No symbol) [0x00007FF6B4FE8DCC]
	(No symbol) [0x00007FF6B502F54F]
	(No symbol) [0x00007FF6B5067242]
	(No symbol) [0x00007FF6B5061C63]
	(No symbol) [0x00007FF6B5060D29]
	(No symbol) [0x00007FF6B4FB5A55]
	GetHandleVerifier [0x00007FF6B551D74D+3223469]
	GetHandleVerifier [0x00007FF6B5517CF2+3200338]
	GetHandleVerifier [0x00007FF6B5535B23+3322755]
	GetHandleVerifier [0x00007FF6B5236A3A+180890]
	GetHandleVerifier [0x00007FF6B523E13F+211359]
	(No symbol) [0x00007FF6B4FB4AC8]
	GetHandleVerifier [0x00007FF6B5606FF8+4180056]
	BaseThreadInitThunk [0x00007FF8F9CBE8D7+23]
	RtlUserThreadStart [0x00007FF8FBF3C5DC+44]

2025-05-19 09:22:21,118 - WARNING - Saltando estudiante debido a error en verificación: ADRIANA PATRICIA ROA ROZO
2025-05-19 09:22:21,120 - INFO - Procesando estudiante 4/14: LEDA CONSUELO BOHORQUEZ PEÑA
2025-05-19 09:22:21,121 - ERROR - Error en intento 1: Message: invalid session id
Stacktrace:
	GetHandleVerifier [0x00007FF6B521CF65+75717]
	GetHandleVerifier [0x00007FF6B521CFC0+75808]
	(No symbol) [0x00007FF6B4FE8DCC]
	(No symbol) [0x00007FF6B502F54F]
	(No symbol) [0x00007FF6B5067242]
	(No symbol) [0x00007FF6B5061C63]
	(No symbol) [0x00007FF6B5060D29]
	(No symbol) [0x00007FF6B4FB5A55]
	GetHandleVerifier [0x00007FF6B551D74D+3223469]
	GetHandleVerifier [0x00007FF6B5517CF2+3200338]
	GetHandleVerifier [0x00007FF6B5535B23+3322755]
	GetHandleVerifier [0x00007FF6B5236A3A+180890]
	GetHandleVerifier [0x00007FF6B523E13F+211359]
	(No symbol) [0x00007FF6B4FB4AC8]
	GetHandleVerifier [0x00007FF6B5606FF8+4180056]
	BaseThreadInitThunk [0x00007FF8F9CBE8D7+23]
	RtlUserThreadStart [0x00007FF8FBF3C5DC+44]

2025-05-19 09:22:23,124 - ERROR - Error en intento 2: Message: invalid session id
Stacktrace:
	GetHandleVerifier [0x00007FF6B521CF65+75717]
	GetHandleVerifier [0x00007FF6B521CFC0+75808]
	(No symbol) [0x00007FF6B4FE8DCC]
	(No symbol) [0x00007FF6B502F54F]
	(No symbol) [0x00007FF6B5067242]
	(No symbol) [0x00007FF6B5061C63]
	(No symbol) [0x00007FF6B5060D29]
	(No symbol) [0x00007FF6B4FB5A55]
	GetHandleVerifier [0x00007FF6B551D74D+3223469]
	GetHandleVerifier [0x00007FF6B5517CF2+3200338]
	GetHandleVerifier [0x00007FF6B5535B23+3322755]
	GetHandleVerifier [0x00007FF6B5236A3A+180890]
	GetHandleVerifier [0x00007FF6B523E13F+211359]
	(No symbol) [0x00007FF6B4FB4AC8]
	GetHandleVerifier [0x00007FF6B5606FF8+4180056]
	BaseThreadInitThunk [0x00007FF8F9CBE8D7+23]
	RtlUserThreadStart [0x00007FF8FBF3C5DC+44]

2025-05-19 09:22:25,126 - ERROR - Error en intento 3: Message: invalid session id
Stacktrace:
	GetHandleVerifier [0x00007FF6B521CF65+75717]
	GetHandleVerifier [0x00007FF6B521CFC0+75808]
	(No symbol) [0x00007FF6B4FE8DCC]
	(No symbol) [0x00007FF6B502F54F]
	(No symbol) [0x00007FF6B5067242]
	(No symbol) [0x00007FF6B5061C63]
	(No symbol) [0x00007FF6B5060D29]
	(No symbol) [0x00007FF6B4FB5A55]
	GetHandleVerifier [0x00007FF6B551D74D+3223469]
	GetHandleVerifier [0x00007FF6B5517CF2+3200338]
	GetHandleVerifier [0x00007FF6B5535B23+3322755]
	GetHandleVerifier [0x00007FF6B5236A3A+180890]
	GetHandleVerifier [0x00007FF6B523E13F+211359]
	(No symbol) [0x00007FF6B4FB4AC8]
	GetHandleVerifier [0x00007FF6B5606FF8+4180056]
	BaseThreadInitThunk [0x00007FF8F9CBE8D7+23]
	RtlUserThreadStart [0x00007FF8FBF3C5DC+44]

2025-05-19 09:22:25,126 - WARNING - Saltando estudiante debido a error en verificación: LEDA CONSUELO BOHORQUEZ PEÑA
2025-05-19 09:22:25,128 - INFO - Procesando estudiante 5/14: ALCIRA OTALORA OTALORA
2025-05-19 09:22:25,128 - ERROR - Error en intento 1: Message: invalid session id
Stacktrace:
	GetHandleVerifier [0x00007FF6B521CF65+75717]
	GetHandleVerifier [0x00007FF6B521CFC0+75808]
	(No symbol) [0x00007FF6B4FE8DCC]
	(No symbol) [0x00007FF6B502F54F]
	(No symbol) [0x00007FF6B5067242]
	(No symbol) [0x00007FF6B5061C63]
	(No symbol) [0x00007FF6B5060D29]
	(No symbol) [0x00007FF6B4FB5A55]
	GetHandleVerifier [0x00007FF6B551D74D+3223469]
	GetHandleVerifier [0x00007FF6B5517CF2+3200338]
	GetHandleVerifier [0x00007FF6B5535B23+3322755]
	GetHandleVerifier [0x00007FF6B5236A3A+180890]
	GetHandleVerifier [0x00007FF6B523E13F+211359]
	(No symbol) [0x00007FF6B4FB4AC8]
	GetHandleVerifier [0x00007FF6B5606FF8+4180056]
	BaseThreadInitThunk [0x00007FF8F9CBE8D7+23]
	RtlUserThreadStart [0x00007FF8FBF3C5DC+44]

2025-05-19 09:22:27,131 - ERROR - Error en intento 2: Message: invalid session id
Stacktrace:
	GetHandleVerifier [0x00007FF6B521CF65+75717]
	GetHandleVerifier [0x00007FF6B521CFC0+75808]
	(No symbol) [0x00007FF6B4FE8DCC]
	(No symbol) [0x00007FF6B502F54F]
	(No symbol) [0x00007FF6B5067242]
	(No symbol) [0x00007FF6B5061C63]
	(No symbol) [0x00007FF6B5060D29]
	(No symbol) [0x00007FF6B4FB5A55]
	GetHandleVerifier [0x00007FF6B551D74D+3223469]
	GetHandleVerifier [0x00007FF6B5517CF2+3200338]
	GetHandleVerifier [0x00007FF6B5535B23+3322755]
	GetHandleVerifier [0x00007FF6B5236A3A+180890]
	GetHandleVerifier [0x00007FF6B523E13F+211359]
	(No symbol) [0x00007FF6B4FB4AC8]
	GetHandleVerifier [0x00007FF6B5606FF8+4180056]
	BaseThreadInitThunk [0x00007FF8F9CBE8D7+23]
	RtlUserThreadStart [0x00007FF8FBF3C5DC+44]

2025-05-19 09:22:29,133 - ERROR - Error en intento 3: Message: invalid session id
Stacktrace:
	GetHandleVerifier [0x00007FF6B521CF65+75717]
	GetHandleVerifier [0x00007FF6B521CFC0+75808]
	(No symbol) [0x00007FF6B4FE8DCC]
	(No symbol) [0x00007FF6B502F54F]
	(No symbol) [0x00007FF6B5067242]
	(No symbol) [0x00007FF6B5061C63]
	(No symbol) [0x00007FF6B5060D29]
	(No symbol) [0x00007FF6B4FB5A55]
	GetHandleVerifier [0x00007FF6B551D74D+3223469]
	GetHandleVerifier [0x00007FF6B5517CF2+3200338]
	GetHandleVerifier [0x00007FF6B5535B23+3322755]
	GetHandleVerifier [0x00007FF6B5236A3A+180890]
	GetHandleVerifier [0x00007FF6B523E13F+211359]
	(No symbol) [0x00007FF6B4FB4AC8]
	GetHandleVerifier [0x00007FF6B5606FF8+4180056]
	BaseThreadInitThunk [0x00007FF8F9CBE8D7+23]
	RtlUserThreadStart [0x00007FF8FBF3C5DC+44]

2025-05-19 09:22:29,133 - WARNING - Saltando estudiante debido a error en verificación: ALCIRA OTALORA OTALORA
2025-05-19 09:22:29,134 - INFO - Procesando estudiante 6/14: FLOR MARINA ARAGON NOVOA
2025-05-19 09:22:29,135 - ERROR - Error en intento 1: Message: invalid session id
Stacktrace:
	GetHandleVerifier [0x00007FF6B521CF65+75717]
	GetHandleVerifier [0x00007FF6B521CFC0+75808]
	(No symbol) [0x00007FF6B4FE8DCC]
	(No symbol) [0x00007FF6B502F54F]
	(No symbol) [0x00007FF6B5067242]
	(No symbol) [0x00007FF6B5061C63]
	(No symbol) [0x00007FF6B5060D29]
	(No symbol) [0x00007FF6B4FB5A55]
	GetHandleVerifier [0x00007FF6B551D74D+3223469]
	GetHandleVerifier [0x00007FF6B5517CF2+3200338]
	GetHandleVerifier [0x00007FF6B5535B23+3322755]
	GetHandleVerifier [0x00007FF6B5236A3A+180890]
	GetHandleVerifier [0x00007FF6B523E13F+211359]
	(No symbol) [0x00007FF6B4FB4AC8]
	GetHandleVerifier [0x00007FF6B5606FF8+4180056]
	BaseThreadInitThunk [0x00007FF8F9CBE8D7+23]
	RtlUserThreadStart [0x00007FF8FBF3C5DC+44]

2025-05-19 09:22:31,137 - ERROR - Error en intento 2: Message: invalid session id
Stacktrace:
	GetHandleVerifier [0x00007FF6B521CF65+75717]
	GetHandleVerifier [0x00007FF6B521CFC0+75808]
	(No symbol) [0x00007FF6B4FE8DCC]
	(No symbol) [0x00007FF6B502F54F]
	(No symbol) [0x00007FF6B5067242]
	(No symbol) [0x00007FF6B5061C63]
	(No symbol) [0x00007FF6B5060D29]
	(No symbol) [0x00007FF6B4FB5A55]
	GetHandleVerifier [0x00007FF6B551D74D+3223469]
	GetHandleVerifier [0x00007FF6B5517CF2+3200338]
	GetHandleVerifier [0x00007FF6B5535B23+3322755]
	GetHandleVerifier [0x00007FF6B5236A3A+180890]
	GetHandleVerifier [0x00007FF6B523E13F+211359]
	(No symbol) [0x00007FF6B4FB4AC8]
	GetHandleVerifier [0x00007FF6B5606FF8+4180056]
	BaseThreadInitThunk [0x00007FF8F9CBE8D7+23]
	RtlUserThreadStart [0x00007FF8FBF3C5DC+44]

2025-05-19 09:22:33,139 - ERROR - Error en intento 3: Message: invalid session id
Stacktrace:
	GetHandleVerifier [0x00007FF6B521CF65+75717]
	GetHandleVerifier [0x00007FF6B521CFC0+75808]
	(No symbol) [0x00007FF6B4FE8DCC]
	(No symbol) [0x00007FF6B502F54F]
	(No symbol) [0x00007FF6B5067242]
	(No symbol) [0x00007FF6B5061C63]
	(No symbol) [0x00007FF6B5060D29]
	(No symbol) [0x00007FF6B4FB5A55]
	GetHandleVerifier [0x00007FF6B551D74D+3223469]
	GetHandleVerifier [0x00007FF6B5517CF2+3200338]
	GetHandleVerifier [0x00007FF6B5535B23+3322755]
	GetHandleVerifier [0x00007FF6B5236A3A+180890]
	GetHandleVerifier [0x00007FF6B523E13F+211359]
	(No symbol) [0x00007FF6B4FB4AC8]
	GetHandleVerifier [0x00007FF6B5606FF8+4180056]
	BaseThreadInitThunk [0x00007FF8F9CBE8D7+23]
	RtlUserThreadStart [0x00007FF8FBF3C5DC+44]

2025-05-19 09:22:33,139 - WARNING - Saltando estudiante debido a error en verificación: FLOR MARINA ARAGON NOVOA
2025-05-19 09:22:33,141 - INFO - Procesando estudiante 7/14: MARIA CONSUELO AMAYA MUETE
2025-05-19 09:22:33,142 - ERROR - Error en intento 1: Message: invalid session id
Stacktrace:
	GetHandleVerifier [0x00007FF6B521CF65+75717]
	GetHandleVerifier [0x00007FF6B521CFC0+75808]
	(No symbol) [0x00007FF6B4FE8DCC]
	(No symbol) [0x00007FF6B502F54F]
	(No symbol) [0x00007FF6B5067242]
	(No symbol) [0x00007FF6B5061C63]
	(No symbol) [0x00007FF6B5060D29]
	(No symbol) [0x00007FF6B4FB5A55]
	GetHandleVerifier [0x00007FF6B551D74D+3223469]
	GetHandleVerifier [0x00007FF6B5517CF2+3200338]
	GetHandleVerifier [0x00007FF6B5535B23+3322755]
	GetHandleVerifier [0x00007FF6B5236A3A+180890]
	GetHandleVerifier [0x00007FF6B523E13F+211359]
	(No symbol) [0x00007FF6B4FB4AC8]
	GetHandleVerifier [0x00007FF6B5606FF8+4180056]
	BaseThreadInitThunk [0x00007FF8F9CBE8D7+23]
	RtlUserThreadStart [0x00007FF8FBF3C5DC+44]

2025-05-19 09:22:35,144 - ERROR - Error en intento 2: Message: invalid session id
Stacktrace:
	GetHandleVerifier [0x00007FF6B521CF65+75717]
	GetHandleVerifier [0x00007FF6B521CFC0+75808]
	(No symbol) [0x00007FF6B4FE8DCC]
	(No symbol) [0x00007FF6B502F54F]
	(No symbol) [0x00007FF6B5067242]
	(No symbol) [0x00007FF6B5061C63]
	(No symbol) [0x00007FF6B5060D29]
	(No symbol) [0x00007FF6B4FB5A55]
	GetHandleVerifier [0x00007FF6B551D74D+3223469]
	GetHandleVerifier [0x00007FF6B5517CF2+3200338]
	GetHandleVerifier [0x00007FF6B5535B23+3322755]
	GetHandleVerifier [0x00007FF6B5236A3A+180890]
	GetHandleVerifier [0x00007FF6B523E13F+211359]
	(No symbol) [0x00007FF6B4FB4AC8]
	GetHandleVerifier [0x00007FF6B5606FF8+4180056]
	BaseThreadInitThunk [0x00007FF8F9CBE8D7+23]
	RtlUserThreadStart [0x00007FF8FBF3C5DC+44]

2025-05-19 09:22:37,146 - ERROR - Error en intento 3: Message: invalid session id
Stacktrace:
	GetHandleVerifier [0x00007FF6B521CF65+75717]
	GetHandleVerifier [0x00007FF6B521CFC0+75808]
	(No symbol) [0x00007FF6B4FE8DCC]
	(No symbol) [0x00007FF6B502F54F]
	(No symbol) [0x00007FF6B5067242]
	(No symbol) [0x00007FF6B5061C63]
	(No symbol) [0x00007FF6B5060D29]
	(No symbol) [0x00007FF6B4FB5A55]
	GetHandleVerifier [0x00007FF6B551D74D+3223469]
	GetHandleVerifier [0x00007FF6B5517CF2+3200338]
	GetHandleVerifier [0x00007FF6B5535B23+3322755]
	GetHandleVerifier [0x00007FF6B5236A3A+180890]
	GetHandleVerifier [0x00007FF6B523E13F+211359]
	(No symbol) [0x00007FF6B4FB4AC8]
	GetHandleVerifier [0x00007FF6B5606FF8+4180056]
	BaseThreadInitThunk [0x00007FF8F9CBE8D7+23]
	RtlUserThreadStart [0x00007FF8FBF3C5DC+44]

2025-05-19 09:22:37,147 - WARNING - Saltando estudiante debido a error en verificación: MARIA CONSUELO AMAYA MUETE
2025-05-19 09:22:37,148 - INFO - Procesando estudiante 8/14: FLOR ALEJANDRA PINEDA LOPEZ
2025-05-19 09:22:37,149 - ERROR - Error en intento 1: Message: invalid session id
Stacktrace:
	GetHandleVerifier [0x00007FF6B521CF65+75717]
	GetHandleVerifier [0x00007FF6B521CFC0+75808]
	(No symbol) [0x00007FF6B4FE8DCC]
	(No symbol) [0x00007FF6B502F54F]
	(No symbol) [0x00007FF6B5067242]
	(No symbol) [0x00007FF6B5061C63]
	(No symbol) [0x00007FF6B5060D29]
	(No symbol) [0x00007FF6B4FB5A55]
	GetHandleVerifier [0x00007FF6B551D74D+3223469]
	GetHandleVerifier [0x00007FF6B5517CF2+3200338]
	GetHandleVerifier [0x00007FF6B5535B23+3322755]
	GetHandleVerifier [0x00007FF6B5236A3A+180890]
	GetHandleVerifier [0x00007FF6B523E13F+211359]
	(No symbol) [0x00007FF6B4FB4AC8]
	GetHandleVerifier [0x00007FF6B5606FF8+4180056]
	BaseThreadInitThunk [0x00007FF8F9CBE8D7+23]
	RtlUserThreadStart [0x00007FF8FBF3C5DC+44]

2025-05-19 09:22:39,150 - ERROR - Error en intento 2: Message: invalid session id
Stacktrace:
	GetHandleVerifier [0x00007FF6B521CF65+75717]
	GetHandleVerifier [0x00007FF6B521CFC0+75808]
	(No symbol) [0x00007FF6B4FE8DCC]
	(No symbol) [0x00007FF6B502F54F]
	(No symbol) [0x00007FF6B5067242]
	(No symbol) [0x00007FF6B5061C63]
	(No symbol) [0x00007FF6B5060D29]
	(No symbol) [0x00007FF6B4FB5A55]
	GetHandleVerifier [0x00007FF6B551D74D+3223469]
	GetHandleVerifier [0x00007FF6B5517CF2+3200338]
	GetHandleVerifier [0x00007FF6B5535B23+3322755]
	GetHandleVerifier [0x00007FF6B5236A3A+180890]
	GetHandleVerifier [0x00007FF6B523E13F+211359]
	(No symbol) [0x00007FF6B4FB4AC8]
	GetHandleVerifier [0x00007FF6B5606FF8+4180056]
	BaseThreadInitThunk [0x00007FF8F9CBE8D7+23]
	RtlUserThreadStart [0x00007FF8FBF3C5DC+44]

2025-05-19 09:22:41,151 - ERROR - Error en intento 3: Message: invalid session id
Stacktrace:
	GetHandleVerifier [0x00007FF6B521CF65+75717]
	GetHandleVerifier [0x00007FF6B521CFC0+75808]
	(No symbol) [0x00007FF6B4FE8DCC]
	(No symbol) [0x00007FF6B502F54F]
	(No symbol) [0x00007FF6B5067242]
	(No symbol) [0x00007FF6B5061C63]
	(No symbol) [0x00007FF6B5060D29]
	(No symbol) [0x00007FF6B4FB5A55]
	GetHandleVerifier [0x00007FF6B551D74D+3223469]
	GetHandleVerifier [0x00007FF6B5517CF2+3200338]
	GetHandleVerifier [0x00007FF6B5535B23+3322755]
	GetHandleVerifier [0x00007FF6B5236A3A+180890]
	GetHandleVerifier [0x00007FF6B523E13F+211359]
	(No symbol) [0x00007FF6B4FB4AC8]
	GetHandleVerifier [0x00007FF6B5606FF8+4180056]
	BaseThreadInitThunk [0x00007FF8F9CBE8D7+23]
	RtlUserThreadStart [0x00007FF8FBF3C5DC+44]

2025-05-19 09:22:41,152 - WARNING - Saltando estudiante debido a error en verificación: FLOR ALEJANDRA PINEDA LOPEZ
2025-05-19 09:22:41,153 - INFO - Procesando estudiante 9/14: MARTHA ROZO ACOSTA
2025-05-19 09:22:41,154 - ERROR - Error en intento 1: Message: invalid session id
Stacktrace:
	GetHandleVerifier [0x00007FF6B521CF65+75717]
	GetHandleVerifier [0x00007FF6B521CFC0+75808]
	(No symbol) [0x00007FF6B4FE8DCC]
	(No symbol) [0x00007FF6B502F54F]
	(No symbol) [0x00007FF6B5067242]
	(No symbol) [0x00007FF6B5061C63]
	(No symbol) [0x00007FF6B5060D29]
	(No symbol) [0x00007FF6B4FB5A55]
	GetHandleVerifier [0x00007FF6B551D74D+3223469]
	GetHandleVerifier [0x00007FF6B5517CF2+3200338]
	GetHandleVerifier [0x00007FF6B5535B23+3322755]
	GetHandleVerifier [0x00007FF6B5236A3A+180890]
	GetHandleVerifier [0x00007FF6B523E13F+211359]
	(No symbol) [0x00007FF6B4FB4AC8]
	GetHandleVerifier [0x00007FF6B5606FF8+4180056]
	BaseThreadInitThunk [0x00007FF8F9CBE8D7+23]
	RtlUserThreadStart [0x00007FF8FBF3C5DC+44]

2025-05-19 09:22:43,155 - ERROR - Error en intento 2: Message: invalid session id
Stacktrace:
	GetHandleVerifier [0x00007FF6B521CF65+75717]
	GetHandleVerifier [0x00007FF6B521CFC0+75808]
	(No symbol) [0x00007FF6B4FE8DCC]
	(No symbol) [0x00007FF6B502F54F]
	(No symbol) [0x00007FF6B5067242]
	(No symbol) [0x00007FF6B5061C63]
	(No symbol) [0x00007FF6B5060D29]
	(No symbol) [0x00007FF6B4FB5A55]
	GetHandleVerifier [0x00007FF6B551D74D+3223469]
	GetHandleVerifier [0x00007FF6B5517CF2+3200338]
	GetHandleVerifier [0x00007FF6B5535B23+3322755]
	GetHandleVerifier [0x00007FF6B5236A3A+180890]
	GetHandleVerifier [0x00007FF6B523E13F+211359]
	(No symbol) [0x00007FF6B4FB4AC8]
	GetHandleVerifier [0x00007FF6B5606FF8+4180056]
	BaseThreadInitThunk [0x00007FF8F9CBE8D7+23]
	RtlUserThreadStart [0x00007FF8FBF3C5DC+44]

2025-05-19 09:22:45,157 - ERROR - Error en intento 3: Message: invalid session id
Stacktrace:
	GetHandleVerifier [0x00007FF6B521CF65+75717]
	GetHandleVerifier [0x00007FF6B521CFC0+75808]
	(No symbol) [0x00007FF6B4FE8DCC]
	(No symbol) [0x00007FF6B502F54F]
	(No symbol) [0x00007FF6B5067242]
	(No symbol) [0x00007FF6B5061C63]
	(No symbol) [0x00007FF6B5060D29]
	(No symbol) [0x00007FF6B4FB5A55]
	GetHandleVerifier [0x00007FF6B551D74D+3223469]
	GetHandleVerifier [0x00007FF6B5517CF2+3200338]
	GetHandleVerifier [0x00007FF6B5535B23+3322755]
	GetHandleVerifier [0x00007FF6B5236A3A+180890]
	GetHandleVerifier [0x00007FF6B523E13F+211359]
	(No symbol) [0x00007FF6B4FB4AC8]
	GetHandleVerifier [0x00007FF6B5606FF8+4180056]
	BaseThreadInitThunk [0x00007FF8F9CBE8D7+23]
	RtlUserThreadStart [0x00007FF8FBF3C5DC+44]

2025-05-19 09:22:45,159 - WARNING - Saltando estudiante debido a error en verificación: MARTHA ROZO ACOSTA
2025-05-19 09:22:45,164 - INFO - Procesando estudiante 10/14: EUDORO JIMENEZ 
2025-05-19 09:22:45,165 - ERROR - Error en intento 1: Message: invalid session id
Stacktrace:
	GetHandleVerifier [0x00007FF6B521CF65+75717]
	GetHandleVerifier [0x00007FF6B521CFC0+75808]
	(No symbol) [0x00007FF6B4FE8DCC]
	(No symbol) [0x00007FF6B502F54F]
	(No symbol) [0x00007FF6B5067242]
	(No symbol) [0x00007FF6B5061C63]
	(No symbol) [0x00007FF6B5060D29]
	(No symbol) [0x00007FF6B4FB5A55]
	GetHandleVerifier [0x00007FF6B551D74D+3223469]
	GetHandleVerifier [0x00007FF6B5517CF2+3200338]
	GetHandleVerifier [0x00007FF6B5535B23+3322755]
	GetHandleVerifier [0x00007FF6B5236A3A+180890]
	GetHandleVerifier [0x00007FF6B523E13F+211359]
	(No symbol) [0x00007FF6B4FB4AC8]
	GetHandleVerifier [0x00007FF6B5606FF8+4180056]
	BaseThreadInitThunk [0x00007FF8F9CBE8D7+23]
	RtlUserThreadStart [0x00007FF8FBF3C5DC+44]

2025-05-19 09:22:47,168 - ERROR - Error en intento 2: Message: invalid session id
Stacktrace:
	GetHandleVerifier [0x00007FF6B521CF65+75717]
	GetHandleVerifier [0x00007FF6B521CFC0+75808]
	(No symbol) [0x00007FF6B4FE8DCC]
	(No symbol) [0x00007FF6B502F54F]
	(No symbol) [0x00007FF6B5067242]
	(No symbol) [0x00007FF6B5061C63]
	(No symbol) [0x00007FF6B5060D29]
	(No symbol) [0x00007FF6B4FB5A55]
	GetHandleVerifier [0x00007FF6B551D74D+3223469]
	GetHandleVerifier [0x00007FF6B5517CF2+3200338]
	GetHandleVerifier [0x00007FF6B5535B23+3322755]
	GetHandleVerifier [0x00007FF6B5236A3A+180890]
	GetHandleVerifier [0x00007FF6B523E13F+211359]
	(No symbol) [0x00007FF6B4FB4AC8]
	GetHandleVerifier [0x00007FF6B5606FF8+4180056]
	BaseThreadInitThunk [0x00007FF8F9CBE8D7+23]
	RtlUserThreadStart [0x00007FF8FBF3C5DC+44]

2025-05-19 09:22:49,170 - ERROR - Error en intento 3: Message: invalid session id
Stacktrace:
	GetHandleVerifier [0x00007FF6B521CF65+75717]
	GetHandleVerifier [0x00007FF6B521CFC0+75808]
	(No symbol) [0x00007FF6B4FE8DCC]
	(No symbol) [0x00007FF6B502F54F]
	(No symbol) [0x00007FF6B5067242]
	(No symbol) [0x00007FF6B5061C63]
	(No symbol) [0x00007FF6B5060D29]
	(No symbol) [0x00007FF6B4FB5A55]
	GetHandleVerifier [0x00007FF6B551D74D+3223469]
	GetHandleVerifier [0x00007FF6B5517CF2+3200338]
	GetHandleVerifier [0x00007FF6B5535B23+3322755]
	GetHandleVerifier [0x00007FF6B5236A3A+180890]
	GetHandleVerifier [0x00007FF6B523E13F+211359]
	(No symbol) [0x00007FF6B4FB4AC8]
	GetHandleVerifier [0x00007FF6B5606FF8+4180056]
	BaseThreadInitThunk [0x00007FF8F9CBE8D7+23]
	RtlUserThreadStart [0x00007FF8FBF3C5DC+44]

2025-05-19 09:22:49,171 - WARNING - Saltando estudiante debido a error en verificación: EUDORO JIMENEZ 
2025-05-19 09:22:49,173 - INFO - Procesando estudiante 11/14: CLARA ISABEL GAMEZ HIDALGO
2025-05-19 09:22:49,174 - ERROR - Error en intento 1: Message: invalid session id
Stacktrace:
	GetHandleVerifier [0x00007FF6B521CF65+75717]
	GetHandleVerifier [0x00007FF6B521CFC0+75808]
	(No symbol) [0x00007FF6B4FE8DCC]
	(No symbol) [0x00007FF6B502F54F]
	(No symbol) [0x00007FF6B5067242]
	(No symbol) [0x00007FF6B5061C63]
	(No symbol) [0x00007FF6B5060D29]
	(No symbol) [0x00007FF6B4FB5A55]
	GetHandleVerifier [0x00007FF6B551D74D+3223469]
	GetHandleVerifier [0x00007FF6B5517CF2+3200338]
	GetHandleVerifier [0x00007FF6B5535B23+3322755]
	GetHandleVerifier [0x00007FF6B5236A3A+180890]
	GetHandleVerifier [0x00007FF6B523E13F+211359]
	(No symbol) [0x00007FF6B4FB4AC8]
	GetHandleVerifier [0x00007FF6B5606FF8+4180056]
	BaseThreadInitThunk [0x00007FF8F9CBE8D7+23]
	RtlUserThreadStart [0x00007FF8FBF3C5DC+44]

2025-05-19 09:22:51,187 - ERROR - Error en intento 2: Message: invalid session id
Stacktrace:
	GetHandleVerifier [0x00007FF6B521CF65+75717]
	GetHandleVerifier [0x00007FF6B521CFC0+75808]
	(No symbol) [0x00007FF6B4FE8DCC]
	(No symbol) [0x00007FF6B502F54F]
	(No symbol) [0x00007FF6B5067242]
	(No symbol) [0x00007FF6B5061C63]
	(No symbol) [0x00007FF6B5060D29]
	(No symbol) [0x00007FF6B4FB5A55]
	GetHandleVerifier [0x00007FF6B551D74D+3223469]
	GetHandleVerifier [0x00007FF6B5517CF2+3200338]
	GetHandleVerifier [0x00007FF6B5535B23+3322755]
	GetHandleVerifier [0x00007FF6B5236A3A+180890]
	GetHandleVerifier [0x00007FF6B523E13F+211359]
	(No symbol) [0x00007FF6B4FB4AC8]
	GetHandleVerifier [0x00007FF6B5606FF8+4180056]
	BaseThreadInitThunk [0x00007FF8F9CBE8D7+23]
	RtlUserThreadStart [0x00007FF8FBF3C5DC+44]

2025-05-19 09:22:53,190 - ERROR - Error en intento 3: Message: invalid session id
Stacktrace:
	GetHandleVerifier [0x00007FF6B521CF65+75717]
	GetHandleVerifier [0x00007FF6B521CFC0+75808]
	(No symbol) [0x00007FF6B4FE8DCC]
	(No symbol) [0x00007FF6B502F54F]
	(No symbol) [0x00007FF6B5067242]
	(No symbol) [0x00007FF6B5061C63]
	(No symbol) [0x00007FF6B5060D29]
	(No symbol) [0x00007FF6B4FB5A55]
	GetHandleVerifier [0x00007FF6B551D74D+3223469]
	GetHandleVerifier [0x00007FF6B5517CF2+3200338]
	GetHandleVerifier [0x00007FF6B5535B23+3322755]
	GetHandleVerifier [0x00007FF6B5236A3A+180890]
	GetHandleVerifier [0x00007FF6B523E13F+211359]
	(No symbol) [0x00007FF6B4FB4AC8]
	GetHandleVerifier [0x00007FF6B5606FF8+4180056]
	BaseThreadInitThunk [0x00007FF8F9CBE8D7+23]
	RtlUserThreadStart [0x00007FF8FBF3C5DC+44]

2025-05-19 09:22:53,190 - WARNING - Saltando estudiante debido a error en verificación: CLARA ISABEL GAMEZ HIDALGO
2025-05-19 09:22:53,192 - INFO - Procesando estudiante 12/14: EDID YAMITH BONILLA PULIDO
2025-05-19 09:22:53,220 - ERROR - Error en intento 1: Message: invalid session id
Stacktrace:
	GetHandleVerifier [0x00007FF6B521CF65+75717]
	GetHandleVerifier [0x00007FF6B521CFC0+75808]
	(No symbol) [0x00007FF6B4FE8DCC]
	(No symbol) [0x00007FF6B502F54F]
	(No symbol) [0x00007FF6B5067242]
	(No symbol) [0x00007FF6B5061C63]
	(No symbol) [0x00007FF6B5060D29]
	(No symbol) [0x00007FF6B4FB5A55]
	GetHandleVerifier [0x00007FF6B551D74D+3223469]
	GetHandleVerifier [0x00007FF6B5517CF2+3200338]
	GetHandleVerifier [0x00007FF6B5535B23+3322755]
	GetHandleVerifier [0x00007FF6B5236A3A+180890]
	GetHandleVerifier [0x00007FF6B523E13F+211359]
	(No symbol) [0x00007FF6B4FB4AC8]
	GetHandleVerifier [0x00007FF6B5606FF8+4180056]
	BaseThreadInitThunk [0x00007FF8F9CBE8D7+23]
	RtlUserThreadStart [0x00007FF8FBF3C5DC+44]

2025-05-19 09:22:55,222 - ERROR - Error en intento 2: Message: invalid session id
Stacktrace:
	GetHandleVerifier [0x00007FF6B521CF65+75717]
	GetHandleVerifier [0x00007FF6B521CFC0+75808]
	(No symbol) [0x00007FF6B4FE8DCC]
	(No symbol) [0x00007FF6B502F54F]
	(No symbol) [0x00007FF6B5067242]
	(No symbol) [0x00007FF6B5061C63]
	(No symbol) [0x00007FF6B5060D29]
	(No symbol) [0x00007FF6B4FB5A55]
	GetHandleVerifier [0x00007FF6B551D74D+3223469]
	GetHandleVerifier [0x00007FF6B5517CF2+3200338]
	GetHandleVerifier [0x00007FF6B5535B23+3322755]
	GetHandleVerifier [0x00007FF6B5236A3A+180890]
	GetHandleVerifier [0x00007FF6B523E13F+211359]
	(No symbol) [0x00007FF6B4FB4AC8]
	GetHandleVerifier [0x00007FF6B5606FF8+4180056]
	BaseThreadInitThunk [0x00007FF8F9CBE8D7+23]
	RtlUserThreadStart [0x00007FF8FBF3C5DC+44]

2025-05-19 09:22:57,226 - ERROR - Error en intento 3: Message: invalid session id
Stacktrace:
	GetHandleVerifier [0x00007FF6B521CF65+75717]
	GetHandleVerifier [0x00007FF6B521CFC0+75808]
	(No symbol) [0x00007FF6B4FE8DCC]
	(No symbol) [0x00007FF6B502F54F]
	(No symbol) [0x00007FF6B5067242]
	(No symbol) [0x00007FF6B5061C63]
	(No symbol) [0x00007FF6B5060D29]
	(No symbol) [0x00007FF6B4FB5A55]
	GetHandleVerifier [0x00007FF6B551D74D+3223469]
	GetHandleVerifier [0x00007FF6B5517CF2+3200338]
	GetHandleVerifier [0x00007FF6B5535B23+3322755]
	GetHandleVerifier [0x00007FF6B5236A3A+180890]
	GetHandleVerifier [0x00007FF6B523E13F+211359]
	(No symbol) [0x00007FF6B4FB4AC8]
	GetHandleVerifier [0x00007FF6B5606FF8+4180056]
	BaseThreadInitThunk [0x00007FF8F9CBE8D7+23]
	RtlUserThreadStart [0x00007FF8FBF3C5DC+44]

2025-05-19 09:22:57,227 - WARNING - Saltando estudiante debido a error en verificación: EDID YAMITH BONILLA PULIDO
2025-05-19 09:22:57,230 - INFO - Procesando estudiante 13/14: BAUDILIO ANTONIO ZARATE 
2025-05-19 09:22:57,233 - ERROR - Error en intento 1: Message: invalid session id
Stacktrace:
	GetHandleVerifier [0x00007FF6B521CF65+75717]
	GetHandleVerifier [0x00007FF6B521CFC0+75808]
	(No symbol) [0x00007FF6B4FE8DCC]
	(No symbol) [0x00007FF6B502F54F]
	(No symbol) [0x00007FF6B5067242]
	(No symbol) [0x00007FF6B5061C63]
	(No symbol) [0x00007FF6B5060D29]
	(No symbol) [0x00007FF6B4FB5A55]
	GetHandleVerifier [0x00007FF6B551D74D+3223469]
	GetHandleVerifier [0x00007FF6B5517CF2+3200338]
	GetHandleVerifier [0x00007FF6B5535B23+3322755]
	GetHandleVerifier [0x00007FF6B5236A3A+180890]
	GetHandleVerifier [0x00007FF6B523E13F+211359]
	(No symbol) [0x00007FF6B4FB4AC8]
	GetHandleVerifier [0x00007FF6B5606FF8+4180056]
	BaseThreadInitThunk [0x00007FF8F9CBE8D7+23]
	RtlUserThreadStart [0x00007FF8FBF3C5DC+44]

2025-05-19 09:22:59,235 - ERROR - Error en intento 2: Message: invalid session id
Stacktrace:
	GetHandleVerifier [0x00007FF6B521CF65+75717]
	GetHandleVerifier [0x00007FF6B521CFC0+75808]
	(No symbol) [0x00007FF6B4FE8DCC]
	(No symbol) [0x00007FF6B502F54F]
	(No symbol) [0x00007FF6B5067242]
	(No symbol) [0x00007FF6B5061C63]
	(No symbol) [0x00007FF6B5060D29]
	(No symbol) [0x00007FF6B4FB5A55]
	GetHandleVerifier [0x00007FF6B551D74D+3223469]
	GetHandleVerifier [0x00007FF6B5517CF2+3200338]
	GetHandleVerifier [0x00007FF6B5535B23+3322755]
	GetHandleVerifier [0x00007FF6B5236A3A+180890]
	GetHandleVerifier [0x00007FF6B523E13F+211359]
	(No symbol) [0x00007FF6B4FB4AC8]
	GetHandleVerifier [0x00007FF6B5606FF8+4180056]
	BaseThreadInitThunk [0x00007FF8F9CBE8D7+23]
	RtlUserThreadStart [0x00007FF8FBF3C5DC+44]

2025-05-19 09:23:01,237 - ERROR - Error en intento 3: Message: invalid session id
Stacktrace:
	GetHandleVerifier [0x00007FF6B521CF65+75717]
	GetHandleVerifier [0x00007FF6B521CFC0+75808]
	(No symbol) [0x00007FF6B4FE8DCC]
	(No symbol) [0x00007FF6B502F54F]
	(No symbol) [0x00007FF6B5067242]
	(No symbol) [0x00007FF6B5061C63]
	(No symbol) [0x00007FF6B5060D29]
	(No symbol) [0x00007FF6B4FB5A55]
	GetHandleVerifier [0x00007FF6B551D74D+3223469]
	GetHandleVerifier [0x00007FF6B5517CF2+3200338]
	GetHandleVerifier [0x00007FF6B5535B23+3322755]
	GetHandleVerifier [0x00007FF6B5236A3A+180890]
	GetHandleVerifier [0x00007FF6B523E13F+211359]
	(No symbol) [0x00007FF6B4FB4AC8]
	GetHandleVerifier [0x00007FF6B5606FF8+4180056]
	BaseThreadInitThunk [0x00007FF8F9CBE8D7+23]
	RtlUserThreadStart [0x00007FF8FBF3C5DC+44]

2025-05-19 09:23:01,237 - WARNING - Saltando estudiante debido a error en verificación: BAUDILIO ANTONIO ZARATE 
2025-05-19 09:23:01,239 - INFO - Procesando estudiante 14/14: JULIO CESAR MUETE PARRA
2025-05-19 09:23:01,239 - ERROR - Error en intento 1: Message: invalid session id
Stacktrace:
	GetHandleVerifier [0x00007FF6B521CF65+75717]
	GetHandleVerifier [0x00007FF6B521CFC0+75808]
	(No symbol) [0x00007FF6B4FE8DCC]
	(No symbol) [0x00007FF6B502F54F]
	(No symbol) [0x00007FF6B5067242]
	(No symbol) [0x00007FF6B5061C63]
	(No symbol) [0x00007FF6B5060D29]
	(No symbol) [0x00007FF6B4FB5A55]
	GetHandleVerifier [0x00007FF6B551D74D+3223469]
	GetHandleVerifier [0x00007FF6B5517CF2+3200338]
	GetHandleVerifier [0x00007FF6B5535B23+3322755]
	GetHandleVerifier [0x00007FF6B5236A3A+180890]
	GetHandleVerifier [0x00007FF6B523E13F+211359]
	(No symbol) [0x00007FF6B4FB4AC8]
	GetHandleVerifier [0x00007FF6B5606FF8+4180056]
	BaseThreadInitThunk [0x00007FF8F9CBE8D7+23]
	RtlUserThreadStart [0x00007FF8FBF3C5DC+44]

2025-05-19 09:23:03,241 - ERROR - Error en intento 2: Message: invalid session id
Stacktrace:
	GetHandleVerifier [0x00007FF6B521CF65+75717]
	GetHandleVerifier [0x00007FF6B521CFC0+75808]
	(No symbol) [0x00007FF6B4FE8DCC]
	(No symbol) [0x00007FF6B502F54F]
	(No symbol) [0x00007FF6B5067242]
	(No symbol) [0x00007FF6B5061C63]
	(No symbol) [0x00007FF6B5060D29]
	(No symbol) [0x00007FF6B4FB5A55]
	GetHandleVerifier [0x00007FF6B551D74D+3223469]
	GetHandleVerifier [0x00007FF6B5517CF2+3200338]
	GetHandleVerifier [0x00007FF6B5535B23+3322755]
	GetHandleVerifier [0x00007FF6B5236A3A+180890]
	GetHandleVerifier [0x00007FF6B523E13F+211359]
	(No symbol) [0x00007FF6B4FB4AC8]
	GetHandleVerifier [0x00007FF6B5606FF8+4180056]
	BaseThreadInitThunk [0x00007FF8F9CBE8D7+23]
	RtlUserThreadStart [0x00007FF8FBF3C5DC+44]

2025-05-19 09:23:05,242 - ERROR - Error en intento 3: Message: invalid session id
Stacktrace:
	GetHandleVerifier [0x00007FF6B521CF65+75717]
	GetHandleVerifier [0x00007FF6B521CFC0+75808]
	(No symbol) [0x00007FF6B4FE8DCC]
	(No symbol) [0x00007FF6B502F54F]
	(No symbol) [0x00007FF6B5067242]
	(No symbol) [0x00007FF6B5061C63]
	(No symbol) [0x00007FF6B5060D29]
	(No symbol) [0x00007FF6B4FB5A55]
	GetHandleVerifier [0x00007FF6B551D74D+3223469]
	GetHandleVerifier [0x00007FF6B5517CF2+3200338]
	GetHandleVerifier [0x00007FF6B5535B23+3322755]
	GetHandleVerifier [0x00007FF6B5236A3A+180890]
	GetHandleVerifier [0x00007FF6B523E13F+211359]
	(No symbol) [0x00007FF6B4FB4AC8]
	GetHandleVerifier [0x00007FF6B5606FF8+4180056]
	BaseThreadInitThunk [0x00007FF8F9CBE8D7+23]
	RtlUserThreadStart [0x00007FF8FBF3C5DC+44]

2025-05-19 09:23:05,243 - WARNING - Saltando estudiante debido a error en verificación: JULIO CESAR MUETE PARRA
2025-05-19 09:23:05,244 - INFO - \u2705 Proceso completado exitosamente
2025-05-19 09:23:07,263 - INFO - Navegador cerrado
