2025-10-03 15:06:52,008 - INFO - Información de ficha: {'Ficha': nan, 'Estado': nan, 'Fecha': nan}
2025-10-03 15:06:52,014 - INFO - Archivo Excel cargado correctamente: C:/Users/SENA/Downloads/Reporte de Aprendices Ficha 3324299.xls
2025-10-03 15:06:52,015 - INFO - Total de registros: 23
2025-10-03 15:06:52,020 - INFO - Índices de columnas encontrados: {'Tipo de Documento': 0, 'Número de Documento': 1, 'Nombre': 2, 'Apellidos': 3, 'Celular': 4, 'Correo Electrónico': 5, 'Estado': 6, 'Perfil Ocupacional': 8}
2025-10-03 15:06:52,020 - INFO - Archivo Excel cargado correctamente: C:/Users/SENA/Downloads/Reporte de Aprendices Ficha 3324299.xls
2025-10-03 15:06:52,020 - INFO - Total de registros: 23
2025-10-03 15:06:52,224 - INFO - Abriendo página de login...
2025-10-03 15:06:54,011 - INFO - Login exitoso
2025-10-03 15:06:54,019 - INFO - Procesando estudiante 1/23: VALERIA BAUTISTA SALAS
2025-10-03 15:06:54,155 - INFO - Verificando estudiante: VALERIA BAUTISTA SALAS - Documento: 1000140066 - Tipo Doc: CC
2025-10-03 15:07:05,743 - INFO - El estudiante VALERIA BAUTISTA SALAS ya existe en el sistema. Pasando al siguiente.
2025-10-03 15:07:05,745 - INFO - Procesando estudiante 2/23: JASON GABRIEL GARZON SUAREZ
2025-10-03 15:07:05,817 - INFO - Verificando estudiante: JASON GABRIEL GARZON SUAREZ - Documento: 1010960170 - Tipo Doc: CC
2025-10-03 15:07:17,305 - INFO - El estudiante JASON GABRIEL GARZON SUAREZ no existe. Procediendo con el registro.
2025-10-03 15:07:17,308 - INFO - Intentando llenar los campos antes de la inscripción con: JASON GABRIEL GARZON SUAREZ
2025-10-03 15:07:17,310 - INFO - URL actual: https://agenciapublicadeempleo.sena.edu.co/spe-web/spe/funcionario/oferta
2025-10-03 15:07:18,839 - INFO - Se llenó el campo Nombres con: JASON GABRIEL
2025-10-03 15:07:19,817 - INFO - Se llenó el campo Primer apellido con: GARZON
2025-10-03 15:07:20,933 - INFO - Se llenó el campo Segundo apellido con: SUAREZ
2025-10-03 15:07:21,561 - INFO - Se llenó el campo Fecha de Nacimiento con: 01-01-2000
2025-10-03 15:07:21,652 - WARNING - No se pudo determinar el género para: JASON GABRIEL, se seleccionó Masculino por defecto
2025-10-03 15:07:22,186 - INFO - Se hizo clic en el botón para verificar
2025-10-03 15:07:24,823 - INFO - Se hizo clic en el botón para continuar/inscribir
2025-10-03 15:07:28,021 - INFO - El estudiante JASON GABRIEL GARZON SUAREZ ya está registrado (mesesBusqueda > 1). Pasando al siguiente.
2025-10-03 15:07:28,023 - INFO - Procesando estudiante 3/23: JHON ANDERSON GALLO ROJAS
2025-10-03 15:07:28,103 - INFO - Verificando estudiante: JHON ANDERSON GALLO ROJAS - Documento: 1013629897 - Tipo Doc: CC
2025-10-03 15:07:39,498 - INFO - El estudiante JHON ANDERSON GALLO ROJAS ya existe en el sistema. Pasando al siguiente.
2025-10-03 15:07:39,501 - INFO - Procesando estudiante 4/23: RICARDO ALONSO HERNANADEZ SANCHES
2025-10-03 15:07:39,558 - INFO - Verificando estudiante: RICARDO ALONSO HERNANADEZ SANCHES - Documento: 1014260913 - Tipo Doc: CC
2025-10-03 15:07:50,955 - INFO - El estudiante RICARDO ALONSO HERNANADEZ SANCHES ya existe en el sistema. Pasando al siguiente.
2025-10-03 15:07:50,957 - INFO - Procesando estudiante 5/23: EDUARDO ANDRES PALACIOS MARTINEZ
2025-10-03 15:07:51,029 - INFO - Verificando estudiante: EDUARDO ANDRES PALACIOS MARTINEZ - Documento: 1022334519 - Tipo Doc: CC
2025-10-03 15:08:02,402 - INFO - El estudiante EDUARDO ANDRES PALACIOS MARTINEZ ya existe en el sistema. Pasando al siguiente.
2025-10-03 15:08:02,404 - INFO - Procesando estudiante 6/23: HENSO GONZALEZ GRAZT
2025-10-03 15:08:02,476 - INFO - Verificando estudiante: HENSO GONZALEZ GRAZT - Documento: 1026567483 - Tipo Doc: CC
2025-10-03 15:08:13,856 - INFO - El estudiante HENSO GONZALEZ GRAZT ya existe en el sistema. Pasando al siguiente.
2025-10-03 15:08:13,859 - INFO - Procesando estudiante 7/23: JULIAN ANDRES ARRIETA PINEDA
2025-10-03 15:08:13,929 - INFO - Verificando estudiante: JULIAN ANDRES ARRIETA PINEDA - Documento: 1031176275 - Tipo Doc: CC
2025-10-03 15:08:25,316 - INFO - El estudiante JULIAN ANDRES ARRIETA PINEDA no existe. Procediendo con el registro.
2025-10-03 15:08:25,319 - INFO - Intentando llenar los campos antes de la inscripción con: JULIAN ANDRES ARRIETA PINEDA
2025-10-03 15:08:25,321 - INFO - URL actual: https://agenciapublicadeempleo.sena.edu.co/spe-web/spe/funcionario/oferta
2025-10-03 15:08:26,870 - INFO - Se llenó el campo Nombres con: JULIAN ANDRES
2025-10-03 15:08:27,956 - INFO - Se llenó el campo Primer apellido con: ARRIETA
2025-10-03 15:08:28,987 - INFO - Se llenó el campo Segundo apellido con: PINEDA
2025-10-03 15:08:29,587 - INFO - Se llenó el campo Fecha de Nacimiento con: 01-01-2000
2025-10-03 15:08:31,646 - INFO - Se seleccionó el género: 0 (Masculino)
2025-10-03 15:08:32,194 - INFO - Se hizo clic en el botón para verificar
2025-10-03 15:08:34,817 - INFO - Se hizo clic en el botón para continuar/inscribir
2025-10-03 15:08:38,191 - INFO - Se seleccionó Colombia en el desplegable de País.
2025-10-03 15:08:39,242 - INFO - Se seleccionó Cundinamarca en el desplegable de Departamento.
2025-10-03 15:08:40,290 - INFO - Se seleccionó Mosquera en el desplegable de Municipio.
2025-10-03 15:08:44,708 - INFO - Se seleccionó Colombia en el desplegable de País.
2025-10-03 15:08:45,757 - INFO - Se seleccionó Cundinamarca en el desplegable de Departamento.
2025-10-03 15:08:46,808 - INFO - Se seleccionó Mosquera en el desplegable de Municipio.
2025-10-03 15:08:46,857 - INFO - Se coloco Mosquea en el input
2025-10-03 15:08:46,957 - INFO - Se seleccionó Soltero en el desplegable de Estado Civil.
2025-10-03 15:08:47,993 - INFO - Se ingreso 0 en el input de Personas a Cargo.
2025-10-03 15:08:49,080 - INFO - Se seleccionó Otro en el desplegable de Posicion Familiar.
2025-10-03 15:08:50,143 - INFO - Se seleccionó 'No tiene libreta militar' en el desplegable de libreta militar.
2025-10-03 15:08:51,175 - INFO - Se ingreso 'No' en el input de Migrante.
2025-10-03 15:08:52,220 - INFO - Se seleccionó 'Urbano' en el desplegable de zona de resindecia.
2025-10-03 15:08:53,260 - INFO - Se seleccionó '$ 1.000.000  -  $1.500.000' en el desplegable de Sueldo.
2025-10-03 15:08:54,321 - INFO - Se seleccionó estrato Dos en el campo de Estrato.
2025-10-03 15:08:56,284 - INFO - Se llenó el campo telefono con: 3101234567
2025-10-03 15:08:58,106 - INFO - Se llenó el campo Correo con: jaapkey@gmail.com
2025-10-03 15:08:58,996 - INFO - Se llenó el campo Perfil Ocupacional con: EN FORMACION
2025-10-03 15:08:59,056 - INFO - Se hizo click en el boton de Guardar
2025-10-03 15:09:09,059 - INFO - Se detectó una alerta: Los datos han sido guardados correctamente
2025-10-03 15:09:36,928 - INFO - Procesando estudiante 8/23: DIEGO RODRIGO RIVERA SANCHEZ
2025-10-03 15:09:37,050 - INFO - Verificando estudiante: DIEGO RODRIGO RIVERA SANCHEZ - Documento: 1033682773 - Tipo Doc: CC
2025-10-03 15:09:48,454 - INFO - El estudiante DIEGO RODRIGO RIVERA SANCHEZ ya existe en el sistema. Pasando al siguiente.
2025-10-03 15:09:48,456 - INFO - Procesando estudiante 9/23: JOSE FERNANDO BARAHONA USAQUEN
2025-10-03 15:09:48,514 - INFO - Verificando estudiante: JOSE FERNANDO BARAHONA USAQUEN - Documento: 1053340795 - Tipo Doc: CC
2025-10-03 15:09:59,952 - INFO - El estudiante JOSE FERNANDO BARAHONA USAQUEN ya existe en el sistema. Pasando al siguiente.
2025-10-03 15:09:59,955 - INFO - Procesando estudiante 10/23: GUSTAVO ADOLFO GONZALEZ MURCIA
2025-10-03 15:10:00,025 - INFO - Verificando estudiante: GUSTAVO ADOLFO GONZALEZ MURCIA - Documento: 1075250668 - Tipo Doc: CC
2025-10-03 15:10:11,404 - INFO - El estudiante GUSTAVO ADOLFO GONZALEZ MURCIA ya existe en el sistema. Pasando al siguiente.
2025-10-03 15:10:11,406 - INFO - Procesando estudiante 11/23: WILSON LEONARDO LEON BUSTOS
2025-10-03 15:10:11,472 - INFO - Verificando estudiante: WILSON LEONARDO LEON BUSTOS - Documento: 11440863 - Tipo Doc: CC
2025-10-03 15:10:22,595 - INFO - El estudiante WILSON LEONARDO LEON BUSTOS ya existe en el sistema. Pasando al siguiente.
2025-10-03 15:10:22,598 - INFO - Procesando estudiante 12/23: CARLOS ALBERTO ORJUELA LAVERDE
2025-10-03 15:10:22,661 - INFO - Verificando estudiante: CARLOS ALBERTO ORJUELA LAVERDE - Documento: 16275300 - Tipo Doc: CC
2025-10-03 15:10:38,794 - INFO - El estudiante CARLOS ALBERTO ORJUELA LAVERDE no existe. Procediendo con el registro.
2025-10-03 15:10:38,796 - INFO - Intentando llenar los campos antes de la inscripción con: CARLOS ALBERTO ORJUELA LAVERDE
2025-10-03 15:10:38,800 - INFO - URL actual: https://agenciapublicadeempleo.sena.edu.co/spe-web/spe/funcionario/oferta
2025-10-03 15:10:40,352 - INFO - Se llenó el campo Nombres con: CARLOS ALBERTO
2025-10-03 15:10:41,360 - INFO - Se llenó el campo Primer apellido con: ORJUELA
2025-10-03 15:10:42,387 - INFO - Se llenó el campo Segundo apellido con: LAVERDE
2025-10-03 15:10:42,979 - INFO - Se llenó el campo Fecha de Nacimiento con: 01-01-2000
2025-10-03 15:10:45,039 - INFO - Se seleccionó el género: 0 (Masculino)
2025-10-03 15:10:45,568 - INFO - Se hizo clic en el botón para verificar
2025-10-03 15:10:48,190 - INFO - Se hizo clic en el botón para continuar/inscribir
2025-10-03 15:10:51,500 - INFO - Se seleccionó Colombia en el desplegable de País.
2025-10-03 15:10:52,544 - INFO - Se seleccionó Cundinamarca en el desplegable de Departamento.
2025-10-03 15:10:53,588 - INFO - Se seleccionó Mosquera en el desplegable de Municipio.
2025-10-03 15:10:58,020 - INFO - Se seleccionó Colombia en el desplegable de País.
2025-10-03 15:10:59,073 - INFO - Se seleccionó Cundinamarca en el desplegable de Departamento.
2025-10-03 15:11:00,120 - INFO - Se seleccionó Mosquera en el desplegable de Municipio.
2025-10-03 15:11:00,184 - INFO - Se coloco Mosquea en el input
2025-10-03 15:11:00,252 - INFO - Se seleccionó Soltero en el desplegable de Estado Civil.
2025-10-03 15:11:01,293 - INFO - Se ingreso 0 en el input de Personas a Cargo.
2025-10-03 15:11:02,339 - INFO - Se seleccionó Otro en el desplegable de Posicion Familiar.
2025-10-03 15:11:03,388 - INFO - Se seleccionó 'No tiene libreta militar' en el desplegable de libreta militar.
2025-10-03 15:11:04,421 - INFO - Se ingreso 'No' en el input de Migrante.
2025-10-03 15:11:05,467 - INFO - Se seleccionó 'Urbano' en el desplegable de zona de resindecia.
2025-10-03 15:11:06,510 - INFO - Se seleccionó '$ 1.000.000  -  $1.500.000' en el desplegable de Sueldo.
2025-10-03 15:11:07,559 - INFO - Se seleccionó estrato Dos en el campo de Estrato.
2025-10-03 15:11:09,526 - INFO - Se llenó el campo telefono con: 3162262660
2025-10-03 15:11:11,451 - INFO - Se llenó el campo Correo con: caol65@hotmail.com
2025-10-03 15:11:12,348 - INFO - Se llenó el campo Perfil Ocupacional con: EN FORMACION
2025-10-03 15:11:12,404 - INFO - Se hizo click en el boton de Guardar
2025-10-03 15:11:22,407 - INFO - Se detectó una alerta: Los datos han sido guardados correctamente
2025-10-03 15:11:50,273 - INFO - Procesando estudiante 13/23: ALFONSO ORJUELA MAHECHA
2025-10-03 15:11:50,357 - INFO - Verificando estudiante: ALFONSO ORJUELA MAHECHA - Documento: 19493918 - Tipo Doc: CC
2025-10-03 15:12:01,500 - INFO - El estudiante ALFONSO ORJUELA MAHECHA ya existe en el sistema. Pasando al siguiente.
2025-10-03 15:12:01,502 - INFO - Procesando estudiante 14/23: SONIA BEATRIZ SALAZAR GOMEZ
2025-10-03 15:12:01,560 - INFO - Verificando estudiante: SONIA BEATRIZ SALAZAR GOMEZ - Documento: 25234289 - Tipo Doc: CC
2025-10-03 15:12:12,774 - INFO - El estudiante SONIA BEATRIZ SALAZAR GOMEZ ya existe en el sistema. Pasando al siguiente.
2025-10-03 15:12:12,778 - INFO - Procesando estudiante 15/23: ELDA YANIRA CASTILLO CASTIBLANCO
2025-10-03 15:12:12,869 - INFO - Verificando estudiante: ELDA YANIRA CASTILLO CASTIBLANCO - Documento: 52416021 - Tipo Doc: CC
2025-10-03 15:12:29,471 - INFO - El estudiante ELDA YANIRA CASTILLO CASTIBLANCO no existe. Procediendo con el registro.
2025-10-03 15:12:29,475 - INFO - Intentando llenar los campos antes de la inscripción con: ELDA YANIRA CASTILLO CASTIBLANCO
2025-10-03 15:12:29,478 - INFO - URL actual: https://agenciapublicadeempleo.sena.edu.co/spe-web/spe/funcionario/oferta
2025-10-03 15:12:31,409 - INFO - Se llenó el campo Nombres con: ELDA YANIRA
2025-10-03 15:12:32,897 - INFO - Se llenó el campo Primer apellido con: CASTILLO
2025-10-03 15:12:34,612 - INFO - Se llenó el campo Segundo apellido con: CASTIBLANCO
2025-10-03 15:12:35,410 - INFO - Se llenó el campo Fecha de Nacimiento con: 01-01-2000
2025-10-03 15:12:35,536 - WARNING - No se pudo determinar el género para: ELDA YANIRA, se seleccionó Masculino por defecto
2025-10-03 15:12:36,092 - INFO - Se hizo clic en el botón para verificar
2025-10-03 15:12:38,932 - INFO - Se hizo clic en el botón para continuar/inscribir
2025-10-03 15:12:42,415 - INFO - Se seleccionó Colombia en el desplegable de País.
2025-10-03 15:12:43,541 - INFO - Se seleccionó Cundinamarca en el desplegable de Departamento.
2025-10-03 15:12:44,638 - INFO - Se seleccionó Mosquera en el desplegable de Municipio.
2025-10-03 15:12:49,495 - INFO - Se seleccionó Colombia en el desplegable de País.
2025-10-03 15:12:50,642 - INFO - Se seleccionó Cundinamarca en el desplegable de Departamento.
2025-10-03 15:12:51,764 - INFO - Se seleccionó Mosquera en el desplegable de Municipio.
2025-10-03 15:12:51,880 - INFO - Se coloco Mosquea en el input
2025-10-03 15:12:52,009 - INFO - Se seleccionó Soltero en el desplegable de Estado Civil.
2025-10-03 15:12:53,079 - INFO - Se ingreso 0 en el input de Personas a Cargo.
2025-10-03 15:12:54,211 - INFO - Se seleccionó Otro en el desplegable de Posicion Familiar.
2025-10-03 15:12:55,375 - INFO - Se seleccionó 'No tiene libreta militar' en el desplegable de libreta militar.
2025-10-03 15:12:56,477 - INFO - Se ingreso 'No' en el input de Migrante.
2025-10-03 15:12:57,656 - INFO - Se seleccionó 'Urbano' en el desplegable de zona de resindecia.
2025-10-03 15:12:58,742 - INFO - Se seleccionó '$ 1.000.000  -  $1.500.000' en el desplegable de Sueldo.
2025-10-03 15:12:59,901 - INFO - Se seleccionó estrato Dos en el campo de Estrato.
2025-10-03 15:13:02,290 - INFO - Se llenó el campo telefono con: 3112392594
2025-10-03 15:13:05,970 - INFO - Se llenó el campo Correo con: yaniracastillo421@gmail.com
2025-10-03 15:13:07,262 - INFO - Se llenó el campo Perfil Ocupacional con: EN FORMACION
2025-10-03 15:13:07,379 - INFO - Se hizo click en el boton de Guardar
2025-10-03 15:13:17,385 - INFO - Se detectó una alerta: Los datos han sido guardados correctamente
2025-10-03 15:13:45,584 - INFO - Procesando estudiante 16/23: JUAN SILVESTRE CAITA HERNANDEZ
2025-10-03 15:13:45,759 - INFO - Verificando estudiante: JUAN SILVESTRE CAITA HERNANDEZ - Documento: 79640610 - Tipo Doc: CC
2025-10-03 15:13:57,559 - INFO - El estudiante JUAN SILVESTRE CAITA HERNANDEZ ya existe en el sistema. Pasando al siguiente.
2025-10-03 15:13:57,562 - INFO - Procesando estudiante 17/23: JOSE GREGORIO ROJAS ROYETH
2025-10-03 15:13:57,663 - INFO - Verificando estudiante: JOSE GREGORIO ROJAS ROYETH - Documento: 79781662 - Tipo Doc: CC
2025-10-03 15:14:09,362 - INFO - El estudiante JOSE GREGORIO ROJAS ROYETH ya existe en el sistema. Pasando al siguiente.
2025-10-03 15:14:09,371 - INFO - Procesando estudiante 18/23: MANUEL GUILLERMO MORENO GUAYAZAN
2025-10-03 15:14:09,477 - INFO - Verificando estudiante: MANUEL GUILLERMO MORENO GUAYAZAN - Documento: 79851307 - Tipo Doc: CC
2025-10-03 15:14:21,187 - INFO - El estudiante MANUEL GUILLERMO MORENO GUAYAZAN ya existe en el sistema. Pasando al siguiente.
2025-10-03 15:14:21,196 - INFO - Procesando estudiante 19/23: CARLOS ANDRES BARRAGAN ORTIZ
2025-10-03 15:14:21,296 - INFO - Verificando estudiante: CARLOS ANDRES BARRAGAN ORTIZ - Documento: 79982096 - Tipo Doc: CC
2025-10-03 15:14:33,018 - INFO - El estudiante CARLOS ANDRES BARRAGAN ORTIZ ya existe en el sistema. Pasando al siguiente.
2025-10-03 15:14:33,022 - INFO - Procesando estudiante 20/23: MAURICIO ACOSTA GONZALEZ
2025-10-03 15:14:33,126 - INFO - Verificando estudiante: MAURICIO ACOSTA GONZALEZ - Documento: 80037621 - Tipo Doc: CC
2025-10-03 15:14:44,745 - INFO - El estudiante MAURICIO ACOSTA GONZALEZ ya existe en el sistema. Pasando al siguiente.
2025-10-03 15:14:44,751 - INFO - Procesando estudiante 21/23: MANUEL FRANCISCO DIAZ GUEVARA
2025-10-03 15:14:44,868 - INFO - Verificando estudiante: MANUEL FRANCISCO DIAZ GUEVARA - Documento: 80166499 - Tipo Doc: CC
2025-10-03 15:14:56,504 - INFO - El estudiante MANUEL FRANCISCO DIAZ GUEVARA ya existe en el sistema. Pasando al siguiente.
2025-10-03 15:14:56,507 - INFO - Procesando estudiante 22/23: VICTOR ALFONSO RAMOS RAMIREZ
2025-10-03 15:14:56,611 - INFO - Verificando estudiante: VICTOR ALFONSO RAMOS RAMIREZ - Documento: 80193113 - Tipo Doc: CC
2025-10-03 15:15:08,014 - INFO - El estudiante VICTOR ALFONSO RAMOS RAMIREZ ya existe en el sistema. Pasando al siguiente.
2025-10-03 15:15:08,019 - INFO - Procesando estudiante 23/23: MARIO JAHIR ANDRADES RODRIGUEZ
2025-10-03 15:15:08,129 - INFO - Verificando estudiante: MARIO JAHIR ANDRADES RODRIGUEZ - Documento: 80246466 - Tipo Doc: CC
2025-10-03 15:15:19,676 - INFO - El estudiante MARIO JAHIR ANDRADES RODRIGUEZ ya existe en el sistema. Pasando al siguiente.
2025-10-03 15:15:19,680 - INFO - \u2705 Proceso completado exitosamente
2025-10-03 15:15:21,978 - INFO - Navegador cerrado
