2025-10-03 09:55:53,442 - INFO - Información de ficha: {'Ficha': nan, 'Estado': nan, 'Fecha': nan}
2025-10-03 09:55:53,445 - INFO - Archivo Excel cargado correctamente: C:/Users/SENA/Downloads/Reporte de Aprendices Ficha 3343084.xls
2025-10-03 09:55:53,445 - INFO - Total de registros: 18
2025-10-03 09:55:53,447 - INFO - Índices de columnas encontrados: {'Tipo de Documento': 0, 'Número de Documento': 1, 'Nombre': 2, 'Apellidos': 3, 'Celular': 4, 'Correo Electrónico': 5, 'Estado': 6, 'Perfil Ocupacional': 8}
2025-10-03 09:55:53,447 - INFO - Archivo Excel cargado correctamente: C:/Users/SENA/Downloads/Reporte de Aprendices Ficha 3343084.xls
2025-10-03 09:55:53,448 - INFO - Total de registros: 18
2025-10-03 09:55:53,606 - INFO - Abriendo página de login...
2025-10-03 09:55:54,884 - INFO - Login exitoso
2025-10-03 09:55:54,887 - INFO - Procesando estudiante 1/18: CAMILA FERNANDA MERCHAN RAMIREZ
2025-10-03 09:55:54,979 - INFO - Verificando estudiante: CAMILA FERNANDA MERCHAN RAMIREZ - Documento: 1003624379 - Tipo Doc: CC
2025-10-03 09:56:06,386 - INFO - El estudiante CAMILA FERNANDA MERCHAN RAMIREZ ya existe en el sistema. Pasando al siguiente.
2025-10-03 09:56:06,388 - INFO - Procesando estudiante 2/18: DIOCELINA TORRES RIAÑO
2025-10-03 09:56:06,453 - INFO - Verificando estudiante: DIOCELINA TORRES RIAÑO - Documento: 1005205906 - Tipo Doc: CC
2025-10-03 09:56:17,756 - INFO - El estudiante DIOCELINA TORRES RIAÑO ya existe en el sistema. Pasando al siguiente.
2025-10-03 09:56:17,758 - INFO - Procesando estudiante 3/18: HENRY JUNIOR GUERRA IGLESIA
2025-10-03 09:56:17,812 - INFO - Verificando estudiante: HENRY JUNIOR GUERRA IGLESIA - Documento: 1007709782 - Tipo Doc: CC
2025-10-03 09:56:29,142 - INFO - El estudiante HENRY JUNIOR GUERRA IGLESIA ya existe en el sistema. Pasando al siguiente.
2025-10-03 09:56:29,144 - INFO - Procesando estudiante 4/18: JULIAN SANTIAGO LEON VASQUEZ
2025-10-03 09:56:29,196 - INFO - Verificando estudiante: JULIAN SANTIAGO LEON VASQUEZ - Documento: 1010034236 - Tipo Doc: CC
2025-10-03 09:56:40,489 - INFO - El estudiante JULIAN SANTIAGO LEON VASQUEZ ya existe en el sistema. Pasando al siguiente.
2025-10-03 09:56:40,491 - INFO - Procesando estudiante 5/18: WENDY LORENA ARISTIZABAL SANCHEZ
2025-10-03 09:56:40,551 - INFO - Verificando estudiante: WENDY LORENA ARISTIZABAL SANCHEZ - Documento: 1032356093 - Tipo Doc: CC
2025-10-03 09:56:51,866 - INFO - El estudiante WENDY LORENA ARISTIZABAL SANCHEZ no existe. Procediendo con el registro.
2025-10-03 09:56:51,868 - INFO - Intentando llenar los campos antes de la inscripción con: WENDY LORENA ARISTIZABAL SANCHEZ
2025-10-03 09:56:51,870 - INFO - URL actual: https://agenciapublicadeempleo.sena.edu.co/spe-web/spe/funcionario/oferta
2025-10-03 09:56:53,257 - INFO - Se llenó el campo Nombres con: WENDY LORENA
2025-10-03 09:56:54,495 - INFO - Se llenó el campo Primer apellido con: ARISTIZABAL
2025-10-03 09:56:55,474 - INFO - Se llenó el campo Segundo apellido con: SANCHEZ
2025-10-03 09:56:56,053 - INFO - Se llenó el campo Fecha de Nacimiento con: 01-01-2000
2025-10-03 09:56:56,095 - WARNING - No se pudo determinar el género para: WENDY LORENA, se seleccionó Masculino por defecto
2025-10-03 09:56:56,622 - INFO - Se hizo clic en el botón para verificar
2025-10-03 09:56:59,236 - INFO - Se hizo clic en el botón para continuar/inscribir
2025-10-03 09:57:02,352 - ERROR - Error procesando estudiante WENDY LORENA ARISTIZABAL SANCHEZ: verificar_meses_busqueda() missing 1 required positional argument: 'driver'
2025-10-03 09:57:04,400 - INFO - Procesando estudiante 6/18: CHELSYN ALONSO HERNANDEZ
2025-10-03 09:57:04,474 - INFO - Verificando estudiante: CHELSYN ALONSO HERNANDEZ - Documento: 1032426902 - Tipo Doc: CC
2025-10-03 09:57:15,791 - INFO - El estudiante CHELSYN ALONSO HERNANDEZ no existe. Procediendo con el registro.
2025-10-03 09:57:15,792 - INFO - Intentando llenar los campos antes de la inscripción con: CHELSYN ALONSO HERNANDEZ
2025-10-03 09:57:15,794 - INFO - URL actual: https://agenciapublicadeempleo.sena.edu.co/spe-web/spe/funcionario/oferta
2025-10-03 09:57:16,885 - INFO - Se llenó el campo Nombres con: CHELSYN
2025-10-03 09:57:17,846 - INFO - Se llenó el campo Primer apellido con: ALONSO
2025-10-03 09:57:18,990 - INFO - Se llenó el campo Segundo apellido con: HERNANDEZ
2025-10-03 09:57:19,564 - INFO - Se llenó el campo Fecha de Nacimiento con: 01-01-2000
2025-10-03 09:57:19,599 - WARNING - No se pudo determinar el género para: CHELSYN, se seleccionó Masculino por defecto
2025-10-03 09:57:20,126 - INFO - Se hizo clic en el botón para verificar
2025-10-03 09:57:22,803 - INFO - Se hizo clic en el botón para continuar/inscribir
2025-10-03 09:57:22,977 - WARNING - Retrying (Retry(total=2, connect=None, read=None, redirect=None, status=None)) after connection broken by 'ConnectionResetError(10054, 'Se ha forzado la interrupción de una conexión existente por el host remoto', None, 10054, None)': /session/b92d7d21a3bd832257a8a009388104a1
2025-10-03 09:57:27,033 - WARNING - Retrying (Retry(total=1, connect=None, read=None, redirect=None, status=None)) after connection broken by 'NewConnectionError('<urllib3.connection.HTTPConnection object at 0x0000021EDF45ED50>: Failed to establish a new connection: [WinError 10061] No se puede establecer una conexión ya que el equipo de destino denegó expresamente dicha conexión')': /session/b92d7d21a3bd832257a8a009388104a1
2025-10-03 09:57:31,091 - WARNING - Retrying (Retry(total=0, connect=None, read=None, redirect=None, status=None)) after connection broken by 'NewConnectionError('<urllib3.connection.HTTPConnection object at 0x0000021EDF45F250>: Failed to establish a new connection: [WinError 10061] No se puede establecer una conexión ya que el equipo de destino denegó expresamente dicha conexión')': /session/b92d7d21a3bd832257a8a009388104a1
2025-10-03 09:57:35,131 - INFO - Navegador cerrado
